{
  "stats": {
    "suites": 10,
    "tests": 144,
    "passes": 138,
    "pending": 6,
    "failures": 0,
    "start": "2019-01-16T16:30:03.615Z",
    "end": "2019-01-16T16:30:12.937Z",
    "duration": 9322,
    "testsRegistered": 144,
    "passPercent": 100,
    "pendingPercent": 4.2,
    "other": 0,
    "hasOther": false,
    "skipped": 0,
    "hasSkipped": false,
    "passPercentClass": "success",
    "pendingPercentClass": "danger"
  },
  "suites": {
    "uuid": "ee354d7a-1e4a-4065-aa63-3034a87d205b",
    "title": "",
    "fullFile": "",
    "file": "",
    "beforeHooks": [],
    "afterHooks": [],
    "tests": [],
    "suites": [
      {
        "uuid": "36c50ac9-9561-4c31-903e-05d3772804ea",
        "title": "create global users/staff ",
        "fullFile": "/home/brightmoon/git/eserve_cab_anon/test/bdd/a-globals.js",
        "file": "/test/bdd/a-globals.js",
        "beforeHooks": [],
        "afterHooks": [],
        "tests": [
          {
            "title": "Should return superadmin token",
            "fullTitle": "create global users/staff  Should return superadmin token",
            "timedOut": false,
            "duration": 69,
            "state": "passed",
            "speed": "medium",
            "pass": true,
            "fail": false,
            "pending": false,
            "context": "[\n  {\n    \"title\": \"sent object\",\n    \"value\": \"{\\\"email\\\":\\\"wafaa.gamal@gmail.com\\\",\\\"password\\\":\\\"@Eserve2012\\\",\\\"ticket\\\":\\\"eyJhbGciOiJIUzI1NiIsInR5cCI6IkpXVCJ9.eyJ1cm4iOjg3MzExNDE5NSwiZXhwIjoxNTUwMjQ4MjAzMDAwMDAwLCJpYXQiOjE1NDc2NTYyMDMwMDAwMDAsImRhdGEiOnsiX2lkIjoiNWMzYTEwYjZhYzhkNTA1MzIxNTI5MzQ3Iiwicm9sZSI6InN1cGVyYWRtaW4ifX0.a9cX45L4tPcjc-98s2WuwYJ2yEcCFzzlFKxmlLk7jAY\\\"}\"\n  },\n  {\n    \"title\": \"response object\",\n    \"value\": \"{\\\"user\\\":{\\\"_id\\\":\\\"5c3a10b6ac8d505321529347\\\",\\\"emailVerifiedAt\\\":\\\"2019-01-12T16:07:18.590Z\\\",\\\"fullname\\\":\\\"ESERVE SUPER-ADMIN\\\",\\\"email\\\":\\\"wafaa.gamal@gmail.com\\\",\\\"__v\\\":0,\\\"createdAt\\\":\\\"2019-01-12T16:07:18.550Z\\\",\\\"updatedAt\\\":\\\"2019-01-12T16:07:18.592Z\\\",\\\"onOffAt\\\":\\\"2019-01-12T16:07:18.550Z\\\",\\\"deleted\\\":false,\\\"offline\\\":false,\\\"inJourney\\\":false,\\\"canMakeJourney\\\":false,\\\"state\\\":\\\"staging\\\",\\\"isEgyptian\\\":false,\\\"passwordResetsCount\\\":0,\\\"active\\\":true,\\\"otherEmails\\\":[],\\\"emailVerified\\\":true,\\\"role\\\":\\\"superadmin\\\"},\\\"ticket\\\":\\\"eyJhbGciOiJIUzI1NiIsInR5cCI6IkpXVCJ9.eyJ1cm4iOjg3MzExNDE5NSwiZXhwIjoxNTUwMjQ4MjAzMDAwMDAwLCJpYXQiOjE1NDc2NTYyMDMwMDAwMDAsImRhdGEiOnsiX2lkIjoiNWMzYTEwYjZhYzhkNTA1MzIxNTI5MzQ3Iiwicm9sZSI6InN1cGVyYWRtaW4ifX0.a9cX45L4tPcjc-98s2WuwYJ2yEcCFzzlFKxmlLk7jAY\\\"}\"\n  }\n]",
            "code": "var context=this\n server\n    .post('/api/access/staff')\n    .send(global.test.superadmin)     \n    .end(function (err, res) {\n    //  console.log(res,\"RESPONSE********************\");\n      expect(res.status).to.equal(200);\n      global.test.superadmin.ticket = res.body.ticket\n      done();\n      addContext(context, {\n        title: 'sent object',\n        value: JSON.stringify(global.test.superadmin)\n    });\n  \n    addContext(context, {\n        title: 'response object',\n        value: JSON.stringify(res.body)\n    });\n      \n});",
            "err": {},
            "isRoot": false,
            "uuid": "02080ea9-2a52-4f82-a2d4-90c33fa6a3b1",
            "isHook": false,
            "skipped": false
          },
          {
            "title": "stage admin",
            "fullTitle": "create global users/staff  stage admin",
            "timedOut": false,
            "duration": 30,
            "state": "passed",
            "speed": "fast",
            "pass": true,
            "fail": false,
            "pending": false,
            "context": "[\n  {\n    \"title\": \"sent object\",\n    \"value\": \"\\\"eyJhbGciOiJIUzI1NiIsInR5cCI6IkpXVCJ9.eyJ1cm4iOjg3MzExNDE5NSwiZXhwIjoxNTUwMjQ4MjAzMDAwMDAwLCJpYXQiOjE1NDc2NTYyMDMwMDAwMDAsImRhdGEiOnsiX2lkIjoiNWMzYTEwYjZhYzhkNTA1MzIxNTI5MzQ3Iiwicm9sZSI6InN1cGVyYWRtaW4ifX0.a9cX45L4tPcjc-98s2WuwYJ2yEcCFzzlFKxmlLk7jAY\\\"\"\n  },\n  {\n    \"title\": \"response object\",\n    \"value\": \"{\\\"email\\\":\\\"aahmdqmdguiyjnatpcru@gmail.com\\\",\\\"regCode\\\":\\\"purple-pine-29977194\\\"}\"\n  }\n]",
            "code": "var context=this\nserver\n  .post('/api/stage/admin')\n  .set('ticket',global.test.superadmin.ticket)\n  .send(global.test.admin)\n  .end(function (err, res) {\n      expect(res.status).to.equal(200);\n      regObj = res.body;  \n    done();\n \n      addContext(context, {\n        title: 'sent object',\n        value: JSON.stringify(global.test.superadmin.ticket)\n    });\n    addContext(context, {\n        title: 'response object',\n        value: JSON.stringify(res.body)\n    });\n  });",
            "err": {},
            "isRoot": false,
            "uuid": "7a06b10a-1e15-41a0-bc26-33b6ea106409",
            "isHook": false,
            "skipped": false
          },
          {
            "title": "activate admin",
            "fullTitle": "create global users/staff  activate admin",
            "timedOut": false,
            "duration": 47,
            "state": "passed",
            "speed": "medium",
            "pass": true,
            "fail": false,
            "pending": false,
            "context": "[\n  {\n    \"title\": \"sent object\",\n    \"value\": \"{\\\"email\\\":\\\"aahmdqmdguiyjnatpcru@gmail.com\\\",\\\"regCode\\\":\\\"purple-pine-29977194\\\",\\\"password\\\":\\\"$Qc9%Un0$Cq8$Kd5%Fx1\\\"}\"\n  },\n  {\n    \"title\": \"response object\",\n    \"value\": \"{\\\"user\\\":{\\\"role\\\":\\\"admin\\\",\\\"fullname\\\":\\\"LuOvTt WsPsDp\\\"},\\\"ticket\\\":\\\"eyJhbGciOiJIUzI1NiIsInR5cCI6IkpXVCJ9.eyJ1cm4iOjc0NTIzMjM2MiwiZXhwIjoxNTQ3OTE1NDAzMDAwMDAwLCJpYXQiOjE1NDc2NTYyMDMwMDAwMDAsImRhdGEiOnsiX2lkIjoiNWMzZjVjMGI2ODE1M2M0MmQ0MmRiNjNkIiwicm9sZSI6ImFkbWluIn19.zI622pjUOY90S87CjMIo8GBSmtZb4Xon7IJumM3-DJc\\\"}\"\n  }\n]",
            "code": "var context=this\n  regObj.password=helper.generate('mix',20)\n  server\n    .post('/api/activate/staff')\n    .send(regObj)\n    .end(function (err, res) {\n      expect(res.status).to.equal(200);\n      global.test.admin.ticket = res.body.ticket;\n      done();\n        addContext(context, {\n          title: 'sent object',\n          value: JSON.stringify(regObj)\n      });\n      addContext(context, {\n          title: 'response object',\n          value: JSON.stringify(res.body)\n      });\n    });",
            "err": {},
            "isRoot": false,
            "uuid": "19f6dab7-8181-40dc-ad69-aed3a6a6e66f",
            "isHook": false,
            "skipped": false
          },
          {
            "title": "stage supervisor",
            "fullTitle": "create global users/staff  stage supervisor",
            "timedOut": false,
            "duration": 26,
            "state": "passed",
            "speed": "fast",
            "pass": true,
            "fail": false,
            "pending": false,
            "context": "[\n  {\n    \"title\": \"sent object\",\n    \"value\": \"\\\"eyJhbGciOiJIUzI1NiIsInR5cCI6IkpXVCJ9.eyJ1cm4iOjc0NTIzMjM2MiwiZXhwIjoxNTQ3OTE1NDAzMDAwMDAwLCJpYXQiOjE1NDc2NTYyMDMwMDAwMDAsImRhdGEiOnsiX2lkIjoiNWMzZjVjMGI2ODE1M2M0MmQ0MmRiNjNkIiwicm9sZSI6ImFkbWluIn19.zI622pjUOY90S87CjMIo8GBSmtZb4Xon7IJumM3-DJc\\\"\"\n  },\n  {\n    \"title\": \"response object\",\n    \"value\": \"{\\\"email\\\":\\\"pdkyqwdclmekjpahmtdu@gmail.com\\\",\\\"regCode\\\":\\\"old-sky-83034464\\\"}\"\n  }\n]",
            "code": "var context=this\n  server\n  .post('/api/stage/supervisor')\n  .set('ticket', global.test.admin.ticket)\n  .send(global.test.supervisor)\n  .end(function (err, res) {\n      expect(res.status).to.equal(200)\n      regObj = res.body;      \n      done();\n      addContext(context, {\n        title: 'sent object',\n        value: JSON.stringify(global.test.admin.ticket)\n    });\n    addContext(context, {\n        title: 'response object',\n        value: JSON.stringify(res.body)\n    });\n  });",
            "err": {},
            "isRoot": false,
            "uuid": "09967141-7dc9-44d7-b8ec-11f3d9ac401d",
            "isHook": false,
            "skipped": false
          },
          {
            "title": "activate supervisor",
            "fullTitle": "create global users/staff  activate supervisor",
            "timedOut": false,
            "duration": 42,
            "state": "passed",
            "speed": "medium",
            "pass": true,
            "fail": false,
            "pending": false,
            "context": "[\n  {\n    \"title\": \"sent object\",\n    \"value\": \"{\\\"email\\\":\\\"pdkyqwdclmekjpahmtdu@gmail.com\\\",\\\"regCode\\\":\\\"old-sky-83034464\\\",\\\"password\\\":\\\"!Us6*Tk6\\\"}\"\n  },\n  {\n    \"title\": \"response object\",\n    \"value\": \"{\\\"user\\\":{\\\"role\\\":\\\"supervisor\\\",\\\"fullname\\\":\\\"LyRdLi ZrPvRt\\\"},\\\"ticket\\\":\\\"eyJhbGciOiJIUzI1NiIsInR5cCI6IkpXVCJ9.eyJ1cm4iOjM1NDI3MDE0OSwiZXhwIjoxNTQ3OTE1NDAzMDAwMDAwLCJpYXQiOjE1NDc2NTYyMDMwMDAwMDAsImRhdGEiOnsiX2lkIjoiNWMzZjVjMGI2ODE1M2M0MmQ0MmRiNjQxIiwicm9sZSI6InN1cGVydmlzb3IifX0.WI22mNTUJelUMD2rw_ohbm9A2kdhws5SQb9dxtbKZSo\\\"}\"\n  }\n]",
            "code": "var context=this\n  regObj.password = helper.generate('mix', 8);\n  server\n      .post('/api/activate/staff')\n      .send(regObj)\n      .end(function (err, res) {\n      expect(res.status).to.equal(200)\n        global.test.supervisor.ticket= res.body.ticket;\n        done();\n          addContext(context, {\n            title: 'sent object',\n            value: JSON.stringify(regObj)\n        });\n    \n        addContext(context, {\n            title: 'response object',\n            value: JSON.stringify(res.body)\n        });\n      \n      });",
            "err": {},
            "isRoot": false,
            "uuid": "3dc326a1-85e6-42d4-b09a-5deca0aaeb51",
            "isHook": false,
            "skipped": false
          },
          {
            "title": "stage driver",
            "fullTitle": "create global users/staff  stage driver",
            "timedOut": false,
            "duration": 24,
            "state": "passed",
            "speed": "fast",
            "pass": true,
            "fail": false,
            "pending": false,
            "context": "[\n  {\n    \"title\": \"sent object\",\n    \"value\": \"{\\\"email\\\":\\\"aywvxevlnhtoqwrkzfad@gmail.com\\\",\\\"fullname\\\":\\\"NfFgBs JoRhJh\\\"}\"\n  },\n  {\n    \"title\": \"response object\",\n    \"value\": \"{\\\"email\\\":\\\"aywvxevlnhtoqwrkzfad@gmail.com\\\",\\\"regCode\\\":\\\"dawn-shadow-85149685\\\"}\"\n  }\n]",
            "code": "var context=this\n  server\n    .post('/api/stage/driver')\n    .set('ticket', global.test.supervisor.ticket)\n    .send(global.test.driver)\n    .end(function (err, res) {\n      expect(res.status).to.equal(200)\n        regObj = res.body;\n      done();\n        addContext(context, {\n          title: 'sent object',\n          value: JSON.stringify(global.test.driver)\n      });\n      addContext(context, {\n          title: 'response object',\n          value: JSON.stringify(res.body)\n      });\n    });",
            "err": {},
            "isRoot": false,
            "uuid": "50e7109c-59a5-4a21-a5f2-f3549520df47",
            "isHook": false,
            "skipped": false
          },
          {
            "title": "activate driver",
            "fullTitle": "create global users/staff  activate driver",
            "timedOut": false,
            "duration": 1247,
            "state": "passed",
            "speed": "slow",
            "pass": true,
            "fail": false,
            "pending": false,
            "context": "[\n  {\n    \"title\": \"sent object\",\n    \"value\": \"{\\\"regObj\\\":{\\\"email\\\":\\\"aywvxevlnhtoqwrkzfad@gmail.com\\\",\\\"regCode\\\":\\\"dawn-shadow-85149685\\\",\\\"password\\\":\\\"@Si9$Kk2\\\",\\\"mobileNumber\\\":\\\"01090411929\\\"}}\"\n  },\n  {\n    \"title\": \"response object\",\n    \"value\": \"{\\\"user\\\":{\\\"emailVerifiedAt\\\":\\\"2019-01-16T16:30:05.112Z\\\",\\\"image\\\":{\\\"type\\\":\\\"upload\\\",\\\"resource_type\\\":\\\"image\\\",\\\"status\\\":\\\"pending\\\"},\\\"mobileNumber\\\":\\\"01090411929\\\",\\\"_id\\\":\\\"5c3f5c0b68153c42d42db645\\\",\\\"email\\\":\\\"aywvxevlnhtoqwrkzfad@gmail.com\\\",\\\"fullname\\\":\\\"NfFgBs JoRhJh\\\",\\\"createdBy\\\":\\\"5c3f5c0b68153c42d42db641\\\",\\\"__v\\\":0,\\\"createdAt\\\":\\\"2019-01-16T16:30:03.850Z\\\",\\\"updatedAt\\\":\\\"2019-01-16T16:30:05.113Z\\\",\\\"onOffAt\\\":\\\"2019-01-16T16:30:03.850Z\\\",\\\"deleted\\\":false,\\\"offline\\\":false,\\\"inJourney\\\":false,\\\"canMakeJourney\\\":true,\\\"state\\\":\\\"free\\\",\\\"isEgyptian\\\":false,\\\"passwordResetsCount\\\":0,\\\"active\\\":true,\\\"otherEmails\\\":[],\\\"emailVerified\\\":true,\\\"role\\\":\\\"driver\\\"},\\\"ticket\\\":\\\"eyJhbGciOiJIUzI1NiIsInR5cCI6IkpXVCJ9.eyJ1cm4iOjE1MDA4MjE1MSwiZXhwIjoxNTc5MTkyMjA1MDAwMDAwLCJpYXQiOjE1NDc2NTYyMDUwMDAwMDAsImRhdGEiOnsiX2lkIjoiNWMzZjVjMGI2ODE1M2M0MmQ0MmRiNjQ1Iiwicm9sZSI6ImRyaXZlciJ9fQ.8sg2Fo3HBSbD2qJtwZZTMuX9PbqbTLtMe71DyE15ahM\\\"}\"\n  }\n]",
            "code": "var context=this\n  regObj.password=helper.generate('mix', 8)\n  regObj.mobileNumber=\"010\"+helper.generate('numeric', 8)\n  server\n    .post('/api/activate/driver')\n    .set('Content-Type', 'multipart/form-data')\n    .field('mobileNumber', regObj.mobileNumber)\n    .field('email',regObj.email)\n    .field('password',regObj.password)\n    .field('regCode',regObj.regCode)\n  \n    .attach('image',\"./image.jpg\")\n    .end(function (err, res) {\n      expect(res.status).to.equal(200)\n       global.test.driver.ticket = res.body.ticket;      \n      done();\n        addContext(context, {\n          title: 'sent object',\n          value: JSON.stringify({regObj})\n      });\n      addContext(context, {\n          title: 'response object',\n          value: JSON.stringify(res.body)\n      });\n    });",
            "err": {},
            "isRoot": false,
            "uuid": "446dd7c6-50a4-42bf-80c2-194633aaebf9",
            "isHook": false,
            "skipped": false
          },
          {
            "title": "Create new user",
            "fullTitle": "create global users/staff  Create new user",
            "timedOut": false,
            "duration": 76,
            "state": "passed",
            "speed": "slow",
            "pass": true,
            "fail": false,
            "pending": false,
            "context": "[\n  {\n    \"title\": \"sent object\",\n    \"value\": \"{\\\"email\\\":\\\"hxrhgpdvwlsxvtcdempa@gmail.com\\\",\\\"fullname\\\":\\\"OhIzWn AvKpIu\\\",\\\"password\\\":\\\"?Up3&Lq7&Po8!Bd7!Kg6\\\",\\\"nationality\\\":\\\"Egyptian\\\",\\\"mobileNumber\\\":\\\"01178840341\\\"}\"\n  },\n  {\n    \"title\": \"response object\",\n    \"value\": \"{\\\"message\\\":\\\"email verification required\\\"}\"\n  }\n]",
            "code": "var context=this\nserver\n.post('/api/create/rider')\n.send(global.test.rider)\n.end(function (err, res) {\n    expect(res.status).to.equal(200)\n    done();\n    addContext(context, {\n      title: 'sent object',\n      value: JSON.stringify(global.test.rider)\n  });\n  addContext(context, {\n      title: 'response object',\n      value: JSON.stringify(res.body)\n  });\n});",
            "err": {},
            "isRoot": false,
            "uuid": "1ce83efc-1c6e-448f-96b5-994c0491b8eb",
            "isHook": false,
            "skipped": false
          },
          {
            "title": "access user",
            "fullTitle": "create global users/staff  access user",
            "timedOut": false,
            "duration": 28,
            "state": "passed",
            "speed": "fast",
            "pass": true,
            "fail": false,
            "pending": false,
            "context": "[\n  {\n    \"title\": \"sent object\",\n    \"value\": \"{\\\"email\\\":\\\"hxrhgpdvwlsxvtcdempa@gmail.com\\\",\\\"fullname\\\":\\\"OhIzWn AvKpIu\\\",\\\"password\\\":\\\"?Up3&Lq7&Po8!Bd7!Kg6\\\",\\\"nationality\\\":\\\"Egyptian\\\",\\\"mobileNumber\\\":\\\"01178840341\\\",\\\"ticket\\\":\\\"eyJhbGciOiJIUzI1NiIsInR5cCI6IkpXVCJ9.eyJ1cm4iOjI3MjI2MjU5MiwiZXhwIjoxNTc5MTkyMjA1MDAwMDAwLCJpYXQiOjE1NDc2NTYyMDUwMDAwMDAsImRhdGEiOnsiX2lkIjoiNWMzZjVjMGQ2ODE1M2M0MmQ0MmRiNjQ5Iiwicm9sZSI6InJpZGVyIn19.HXFtsDxyXmmme2w33jMCdBunYrZ3GwmiXY_FPoj_72o\\\"}\"\n  },\n  {\n    \"title\": \"response object\",\n    \"value\": \"{\\\"user\\\":{\\\"_id\\\":\\\"5c3f5c0d68153c42d42db649\\\",\\\"mobileNumber\\\":\\\"01178840341\\\",\\\"nationality\\\":\\\"Egyptian\\\",\\\"email\\\":\\\"hxrhgpdvwlsxvtcdempa@gmail.com\\\",\\\"fullname\\\":\\\"OhIzWn AvKpIu\\\",\\\"__v\\\":0,\\\"createdAt\\\":\\\"2019-01-16T16:30:05.121Z\\\",\\\"updatedAt\\\":\\\"2019-01-16T16:30:05.139Z\\\",\\\"onOffAt\\\":\\\"2019-01-16T16:30:05.121Z\\\",\\\"deleted\\\":false,\\\"offline\\\":false,\\\"inJourney\\\":false,\\\"canMakeJourney\\\":false,\\\"state\\\":\\\"staging\\\",\\\"isEgyptian\\\":true,\\\"passwordResetsCount\\\":0,\\\"active\\\":false,\\\"otherEmails\\\":[],\\\"emailVerified\\\":false,\\\"role\\\":\\\"rider\\\"},\\\"ticket\\\":\\\"eyJhbGciOiJIUzI1NiIsInR5cCI6IkpXVCJ9.eyJ1cm4iOjI3MjI2MjU5MiwiZXhwIjoxNTc5MTkyMjA1MDAwMDAwLCJpYXQiOjE1NDc2NTYyMDUwMDAwMDAsImRhdGEiOnsiX2lkIjoiNWMzZjVjMGQ2ODE1M2M0MmQ0MmRiNjQ5Iiwicm9sZSI6InJpZGVyIn19.HXFtsDxyXmmme2w33jMCdBunYrZ3GwmiXY_FPoj_72o\\\"}\"\n  }\n]",
            "code": "var context=this\nserver  \n.post('/api/access/rider')\n.send(global.test.rider)\n.end(function (err, res) {\n  expect(res.status).to.equal(200)\n    global.test.rider.ticket=res.body.ticket\n    global.test.userId=res.body.user._id\n    done();\n    addContext(context, {\n      title: 'sent object',\n      value: JSON.stringify(global.test.rider)\n  });\n  addContext(context, {\n      title: 'response object',\n      value: JSON.stringify(res.body)\n  });\n});",
            "err": {},
            "isRoot": false,
            "uuid": "9040841c-6e90-422e-93f1-deb8f2c61e42",
            "isHook": false,
            "skipped": false
          },
          {
            "title": "create new village code: shoud return access code",
            "fullTitle": "create global users/staff  create new village code: shoud return access code",
            "timedOut": false,
            "duration": 6,
            "state": "passed",
            "speed": "fast",
            "pass": true,
            "fail": false,
            "pending": false,
            "context": "[\n  {\n    \"title\": \"sent object\",\n    \"value\": \"\\\"tmunt\\\"\"\n  },\n  {\n    \"title\": \"response object\",\n    \"value\": \"{\\\"accessCode\\\":\\\"faf9aec0-19ab-11e9-b9f1-2bae098b0086\\\"}\"\n  }\n]",
            "code": "var context=this\nserver\n.post('/api/generate/access/code')\n.set(\"ticket\",global.test.supervisor.ticket)\n.send({uniqueID:villa})\n.end((err, res)=>{\n    expect(res.status).to.equal(200);\n    expect(res.body).to.have.property(\"accessCode\");\n    console.log(res.body.accessCode);\n    accessCode = res.body.accessCode;\n    done();\n     addContext(context, {\n       title: 'sent object',\n       value: JSON.stringify(villa)\n   });\n   addContext(context, {\n       title: 'response object',\n       value: JSON.stringify(res.body)\n   });\n });",
            "err": {},
            "isRoot": false,
            "uuid": "60073729-a92f-4296-90c8-7c79bd7a29bd",
            "isHook": false,
            "skipped": false
          },
          {
            "title": "create anon user using access code: should return unique ticket/user",
            "fullTitle": "create global users/staff  create anon user using access code: should return unique ticket/user",
            "timedOut": false,
            "duration": 7,
            "state": "passed",
            "speed": "fast",
            "pass": true,
            "fail": false,
            "pending": false,
            "context": "[\n  {\n    \"title\": \"sent object\",\n    \"value\": \"\\\"faf9aec0-19ab-11e9-b9f1-2bae098b0086\\\"\"\n  },\n  {\n    \"title\": \"response object\",\n    \"value\": \"{\\\"user\\\":\\\"tmunt\\\",\\\"ticket\\\":\\\"eyJhbGciOiJIUzI1NiIsInR5cCI6IkpXVCJ9.eyJ1cm4iOjU0NDkyODA5MSwiZXhwIjoxNTc5MTkyMjA1MDAwMDAwLCJpYXQiOjE1NDc2NTYyMDUwMDAwMDAsImRhdGEiOnsiX2lkIjoiNWMzZjVjMGQ2ODE1M2M0MmQ0MmRiNjRmIiwicm9sZSI6InJpZGVyIn19.wlR_OmQ4RhCx4KO-BNv0L9DsShpGYkzn2x0z9qEhmd8\\\"}\"\n  }\n]",
            "code": "var context=this\nserver\n.post('/api/access/anon')\n.send({accessCode: accessCode})\n.end((err, res)=>{\n    expect(res.status).to.equal(200);\n    global.test.anon= res.body   \n    done();\n    addContext(context, {\n      title: 'sent object',\n      value: JSON.stringify(accessCode)\n  });\n  addContext(context, {\n      title: 'response object',\n      value: JSON.stringify(res.body)\n  });\n   \n});",
            "err": {},
            "isRoot": false,
            "uuid": "cdf0fb67-f314-4fb9-b0a6-599c19075efb",
            "isHook": false,
            "skipped": false
          }
        ],
        "suites": [],
        "passes": [
          "02080ea9-2a52-4f82-a2d4-90c33fa6a3b1",
          "7a06b10a-1e15-41a0-bc26-33b6ea106409",
          "19f6dab7-8181-40dc-ad69-aed3a6a6e66f",
          "09967141-7dc9-44d7-b8ec-11f3d9ac401d",
          "3dc326a1-85e6-42d4-b09a-5deca0aaeb51",
          "50e7109c-59a5-4a21-a5f2-f3549520df47",
          "446dd7c6-50a4-42bf-80c2-194633aaebf9",
          "1ce83efc-1c6e-448f-96b5-994c0491b8eb",
          "9040841c-6e90-422e-93f1-deb8f2c61e42",
          "60073729-a92f-4296-90c8-7c79bd7a29bd",
          "cdf0fb67-f314-4fb9-b0a6-599c19075efb"
        ],
        "failures": [],
        "pending": [],
        "skipped": [],
        "duration": 1602,
        "root": false,
        "rootEmpty": false,
        "_timeout": 10000
      },
      {
        "uuid": "cf69f989-a710-4ea3-a100-518e6287383e",
        "title": "Testing Managment Dashboard APIs",
        "fullFile": "/home/brightmoon/git/eserve_cab_anon/test/bdd/driver.js",
        "file": "/test/bdd/driver.js",
        "beforeHooks": [],
        "afterHooks": [],
        "tests": [
          {
            "title": "new Car",
            "fullTitle": "Testing Managment Dashboard APIs new Car",
            "timedOut": false,
            "duration": 7,
            "state": "passed",
            "speed": "fast",
            "pass": true,
            "fail": false,
            "pending": false,
            "context": "[\n  {\n    \"title\": \"sent object\",\n    \"value\": \"{\\\"uniqueId\\\":\\\"420488\\\",\\\"desc\\\":\\\"yefowjcuugxukrpihclocnjhaehrst\\\"}\"\n  },\n  {\n    \"title\": \"response object\",\n    \"value\": \"{\\\"carId\\\":\\\"5c3f5c0d68153c42d42db652\\\"}\"\n  }\n]",
            "code": "var context=this\nvar car={\n    uniqueId:helper.generate('numeric',6),\n    desc:helper.generate(\"lalpha\",30)\n}\n      \nserver\n  .post('/api/add/car')\n  .set('ticket', global.test.supervisor.ticket)//supervisor\n  .send(car)\n  .end(function (err, res) {\n  if (res.body) {\n      carObj=res.body     \n      carID=res.body.carId   \n      expect(res.status).to.equal(200)\n    done();\n  \n      addContext(context, {\n        title: 'sent object',\n        value: JSON.stringify(car)\n    });\n  \n    addContext(context, {\n        title: 'response object',\n        value: JSON.stringify(res.body)\n    });\n    }\n  });",
            "err": {},
            "isRoot": false,
            "uuid": "701f9292-aa62-47b6-95a9-44b6dee5f2d4",
            "isHook": false,
            "skipped": false
          },
          {
            "title": "Connect driver to a car",
            "fullTitle": "Testing Managment Dashboard APIs Connect driver to a car",
            "timedOut": false,
            "duration": 5,
            "state": "passed",
            "speed": "fast",
            "pass": true,
            "fail": false,
            "pending": false,
            "context": "[\n  {\n    \"title\": \"sent object\",\n    \"value\": \"{\\\"carId\\\":\\\"5c3f5c0d68153c42d42db652\\\"}\"\n  },\n  {\n    \"title\": \"response object\",\n    \"value\": \"{\\\"car\\\":{\\\"driver\\\":\\\"5c3f5c0b68153c42d42db645\\\",\\\"_id\\\":\\\"5c3f5c0d68153c42d42db652\\\",\\\"desc\\\":\\\"yefowjcuugxukrpihclocnjhaehrst\\\",\\\"uniqueId\\\":\\\"420488\\\",\\\"__v\\\":0,\\\"deleted\\\":false,\\\"updatedAt\\\":\\\"2019-01-16T16:30:05.244Z\\\",\\\"createdAt\\\":\\\"2019-01-16T16:30:05.243Z\\\"}}\"\n  }\n]",
            "code": "var context=this\n\nserver\n    .post('/api/car/driver')\n    .set('ticket', global.test.driver.ticket)\n    .send(carObj)\n    .end(function (err, res) {\n    if (res.body){\n       expect(res.status).to.equal(200)\n    done();\n        addContext(context, {\n        title: 'sent object',\n        value: JSON.stringify(carObj)\n    });\n    addContext(context, {\n        title: 'response object',\n        value: JSON.stringify(res.body)\n    });\n    }\n    });",
            "err": {},
            "isRoot": false,
            "uuid": "254017b1-1995-4456-8870-c7abfeb8e05f",
            "isHook": false,
            "skipped": false
          },
          {
            "title": "get driver's car",
            "fullTitle": "Testing Managment Dashboard APIs get driver's car",
            "timedOut": false,
            "duration": 6,
            "state": "passed",
            "speed": "fast",
            "pass": true,
            "fail": false,
            "pending": false,
            "context": "{\n  \"title\": \"response object\",\n  \"value\": \"{\\\"car\\\":{\\\"_id\\\":\\\"5c3f5c0d68153c42d42db652\\\",\\\"desc\\\":\\\"yefowjcuugxukrpihclocnjhaehrst\\\",\\\"uniqueId\\\":\\\"420488\\\",\\\"__v\\\":0,\\\"driver\\\":\\\"5c3f5c0b68153c42d42db645\\\",\\\"deleted\\\":false,\\\"updatedAt\\\":\\\"2019-01-16T16:30:05.249Z\\\",\\\"createdAt\\\":\\\"2019-01-16T16:30:05.243Z\\\"}}\"\n}",
            "code": "var context=this\nserver\n  .get('/api/car/driver')\n  .set('ticket',global.test.driver.ticket)\n  .end(function (err, res) {\n    if (res.body){\n    expect(res.status).to.equal(200)\n    done();\n    addContext(context, {\n        title: 'response object',\n        value: JSON.stringify(res.body)\n    });\n    }\n  });",
            "err": {},
            "isRoot": false,
            "uuid": "75d3a7fd-2185-4ad7-a8fa-c33b057d4133",
            "isHook": false,
            "skipped": false
          },
          {
            "title": "get driver's Profile",
            "fullTitle": "Testing Managment Dashboard APIs get driver's Profile",
            "timedOut": false,
            "duration": 5,
            "state": "passed",
            "speed": "fast",
            "pass": true,
            "fail": false,
            "pending": false,
            "context": "{\n  \"title\": \"response object\",\n  \"value\": \"{\\\"_id\\\":\\\"5c3f5c0b68153c42d42db645\\\",\\\"email\\\":\\\"aywvxevlnhtoqwrkzfad@gmail.com\\\",\\\"fullname\\\":\\\"NfFgBs JoRhJh\\\",\\\"createdBy\\\":\\\"5c3f5c0b68153c42d42db641\\\",\\\"__v\\\":0,\\\"emailVerifiedAt\\\":\\\"2019-01-16T16:30:05.112Z\\\",\\\"image\\\":{\\\"type\\\":\\\"upload\\\",\\\"resource_type\\\":\\\"image\\\",\\\"status\\\":\\\"pending\\\"},\\\"mobileNumber\\\":\\\"01090411929\\\",\\\"createdAt\\\":\\\"2019-01-16T16:30:03.850Z\\\",\\\"updatedAt\\\":\\\"2019-01-16T16:30:05.113Z\\\",\\\"onOffAt\\\":\\\"2019-01-16T16:30:03.850Z\\\",\\\"deleted\\\":false,\\\"offline\\\":false,\\\"inJourney\\\":false,\\\"canMakeJourney\\\":true,\\\"state\\\":\\\"free\\\",\\\"isEgyptian\\\":false,\\\"passwordResetsCount\\\":0,\\\"active\\\":true,\\\"otherEmails\\\":[],\\\"emailVerified\\\":true,\\\"role\\\":\\\"driver\\\"}\"\n}",
            "code": "console.log(global.test.driver.ticket);\n\nvar context=this\nserver\n.get('/api/user')\n.set('ticket',global.test.driver.ticket)\n.end(function (err, res) {\n    if (res.body) {\n    expect(res.status).to.equal(200)\n    expect(res.body.inJourney).equal(false)  \n    expect(res.body.state).equal(\"free\") \n    driverID = res.body._id\n     \n    done();\n    addContext(context, {\n        title: 'response object',\n        value: JSON.stringify(res.body)\n    });\n}\n});",
            "err": {},
            "isRoot": false,
            "uuid": "78d72e1c-1c6c-4ab1-b9b4-e3651020a1c4",
            "isHook": false,
            "skipped": false
          },
          {
            "title": "offline Driver by driver",
            "fullTitle": "Testing Managment Dashboard APIs offline Driver by driver",
            "timedOut": false,
            "duration": 5,
            "state": "passed",
            "speed": "fast",
            "pass": true,
            "fail": false,
            "pending": false,
            "context": "{\n  \"title\": \"response object\",\n  \"value\": \"{}\"\n}",
            "code": "var context=this\nserver\n  .post('/api/driver/offline ')\n  .set('ticket',global.test.driver.ticket)\n  .end(function (err, res) {\n    if (res.body){\n      expect(res.status).to.equal(200)\n      done();\n    addContext(context, {\n        title: 'response object',\n        value: JSON.stringify(res.body)\n    });\n    }\n  });",
            "err": {},
            "isRoot": false,
            "uuid": "794053b7-302b-4cda-aad5-6585478f276e",
            "isHook": false,
            "skipped": false
          },
          {
            "title": "get driver's Profile",
            "fullTitle": "Testing Managment Dashboard APIs get driver's Profile",
            "timedOut": false,
            "duration": 6,
            "state": "passed",
            "speed": "fast",
            "pass": true,
            "fail": false,
            "pending": false,
            "context": "{\n  \"title\": \"response object\",\n  \"value\": \"{\\\"_id\\\":\\\"5c3f5c0b68153c42d42db645\\\",\\\"email\\\":\\\"aywvxevlnhtoqwrkzfad@gmail.com\\\",\\\"fullname\\\":\\\"NfFgBs JoRhJh\\\",\\\"createdBy\\\":\\\"5c3f5c0b68153c42d42db641\\\",\\\"__v\\\":0,\\\"emailVerifiedAt\\\":\\\"2019-01-16T16:30:05.112Z\\\",\\\"image\\\":{\\\"type\\\":\\\"upload\\\",\\\"resource_type\\\":\\\"image\\\",\\\"status\\\":\\\"pending\\\"},\\\"mobileNumber\\\":\\\"01090411929\\\",\\\"offlineByHigherRank\\\":false,\\\"createdAt\\\":\\\"2019-01-16T16:30:03.850Z\\\",\\\"updatedAt\\\":\\\"2019-01-16T16:30:05.266Z\\\",\\\"onOffAt\\\":\\\"2019-01-16T16:30:05.265Z\\\",\\\"deleted\\\":false,\\\"offline\\\":true,\\\"inJourney\\\":false,\\\"canMakeJourney\\\":false,\\\"state\\\":\\\"offline\\\",\\\"isEgyptian\\\":false,\\\"passwordResetsCount\\\":0,\\\"active\\\":false,\\\"otherEmails\\\":[],\\\"emailVerified\\\":true,\\\"role\\\":\\\"driver\\\"}\"\n}",
            "code": "var context=this\nserver\n.get('/api/user')\n.set('ticket',global.test.driver.ticket)\n.end(function (err, res) {\n    if (res.body) {\n    expect(res.status).to.equal(200)\n    expect(res.body.offline).equal(true)   \n    done();\n    addContext(context, {\n        title: 'response object',\n        value: JSON.stringify(res.body)\n    });\n}\n});",
            "err": {},
            "isRoot": false,
            "uuid": "a1b480b8-4613-4ab7-b54e-44a2a5fa9260",
            "isHook": false,
            "skipped": false
          },
          {
            "title": "online Driver by driver",
            "fullTitle": "Testing Managment Dashboard APIs online Driver by driver",
            "timedOut": false,
            "duration": 6,
            "state": "passed",
            "speed": "fast",
            "pass": true,
            "fail": false,
            "pending": false,
            "context": "{\n  \"title\": \"response object\",\n  \"value\": \"{}\"\n}",
            "code": "var context=this\nserver\n  .post('/api/driver/online ')\n  .set('ticket',global.test.driver.ticket)\n  .end(function (err, res) {\n    expect(res.status).to.equal(200)\n    done();\n  \n    addContext(context, {\n        title: 'response object',\n        value: JSON.stringify(res.body)\n    });\n  });",
            "err": {},
            "isRoot": false,
            "uuid": "98e82083-77f3-4af3-9c0b-9890f8431fd5",
            "isHook": false,
            "skipped": false
          },
          {
            "title": "get driver's Profile",
            "fullTitle": "Testing Managment Dashboard APIs get driver's Profile",
            "timedOut": false,
            "duration": 4,
            "state": "passed",
            "speed": "fast",
            "pass": true,
            "fail": false,
            "pending": false,
            "context": "{\n  \"title\": \"response object\",\n  \"value\": \"{\\\"_id\\\":\\\"5c3f5c0b68153c42d42db645\\\",\\\"email\\\":\\\"aywvxevlnhtoqwrkzfad@gmail.com\\\",\\\"fullname\\\":\\\"NfFgBs JoRhJh\\\",\\\"createdBy\\\":\\\"5c3f5c0b68153c42d42db641\\\",\\\"__v\\\":0,\\\"emailVerifiedAt\\\":\\\"2019-01-16T16:30:05.112Z\\\",\\\"image\\\":{\\\"type\\\":\\\"upload\\\",\\\"resource_type\\\":\\\"image\\\",\\\"status\\\":\\\"pending\\\"},\\\"mobileNumber\\\":\\\"01090411929\\\",\\\"offlineByHigherRank\\\":false,\\\"createdAt\\\":\\\"2019-01-16T16:30:03.850Z\\\",\\\"updatedAt\\\":\\\"2019-01-16T16:30:05.278Z\\\",\\\"onOffAt\\\":\\\"2019-01-16T16:30:05.277Z\\\",\\\"deleted\\\":false,\\\"offline\\\":false,\\\"inJourney\\\":false,\\\"canMakeJourney\\\":true,\\\"state\\\":\\\"free\\\",\\\"isEgyptian\\\":false,\\\"passwordResetsCount\\\":0,\\\"active\\\":true,\\\"otherEmails\\\":[],\\\"emailVerified\\\":true,\\\"role\\\":\\\"driver\\\"}\"\n}",
            "code": "var context=this\nserver\n.get('/api/user')\n.set('ticket',global.test.driver.ticket)\n.end(function (err, res) {\n  expect(res.status).to.equal(200)\n    expect(res.body.offline).equal(false) \n    driverID = res.body._id\n   \n    done();\n  \n    addContext(context, {\n        title: 'response object',\n        value: JSON.stringify(res.body)\n    });\n});",
            "err": {},
            "isRoot": false,
            "uuid": "eeb23707-4f51-4e2c-9352-d5fc76e8827c",
            "isHook": false,
            "skipped": false
          }
        ],
        "suites": [],
        "passes": [
          "701f9292-aa62-47b6-95a9-44b6dee5f2d4",
          "254017b1-1995-4456-8870-c7abfeb8e05f",
          "75d3a7fd-2185-4ad7-a8fa-c33b057d4133",
          "78d72e1c-1c6c-4ab1-b9b4-e3651020a1c4",
          "794053b7-302b-4cda-aad5-6585478f276e",
          "a1b480b8-4613-4ab7-b54e-44a2a5fa9260",
          "98e82083-77f3-4af3-9c0b-9890f8431fd5",
          "eeb23707-4f51-4e2c-9352-d5fc76e8827c"
        ],
        "failures": [],
        "pending": [],
        "skipped": [],
        "duration": 44,
        "root": false,
        "rootEmpty": false,
        "_timeout": 10000
      },
      {
        "uuid": "e56c2271-d211-44b8-88af-3371a6de7db1",
        "title": "Testing Journey API",
        "fullFile": "/home/brightmoon/git/eserve_cab_anon/test/bdd/journey.js",
        "file": "/test/bdd/journey.js",
        "beforeHooks": [],
        "afterHooks": [],
        "tests": [
          {
            "title": "Log Location for Rider",
            "fullTitle": "Testing Journey API Log Location for Rider",
            "timedOut": false,
            "duration": 8,
            "state": "passed",
            "speed": "fast",
            "pass": true,
            "fail": false,
            "pending": false,
            "context": "[\n  {\n    \"title\": \"sent object\",\n    \"value\": \"[{\\\"provider\\\":\\\"fused\\\",\\\"time\\\":1528819065498,\\\"latitude\\\":\\\"30.03899\\\",\\\"longitude\\\":\\\"31.34378\\\",\\\"accuracy\\\":16,\\\"altitude\\\":46,\\\"locationProvider\\\":1}]\"\n  },\n  {\n    \"title\": \"response object\",\n    \"value\": \"{}\"\n  }\n]",
            "code": "ticket=global.test.rider.ticket\nvar context=this\nlocation=helper.generateBgLocation()\nserver\n.post('/api/location')\n.set('ticket', ticket)\n.send(location)\n.end(function (err, res) {\n    if (res.body) {\n    expect(res.status).to.equal(200);\n    done();\n    addContext(context, {\n        title: 'sent object',\n        value: JSON.stringify(location)\n    });\n    \n    addContext(context, {\n        title: 'response object',\n        value: JSON.stringify(res.body)\n    });\n}\n});",
            "err": {},
            "isRoot": false,
            "uuid": "76d96ddc-56f6-493a-9c7d-e4f3f95b00f7",
            "isHook": false,
            "skipped": false
          },
          {
            "title": "Update push ID for Rider",
            "fullTitle": "Testing Journey API Update push ID for Rider",
            "timedOut": false,
            "duration": 5,
            "state": "passed",
            "speed": "fast",
            "pass": true,
            "fail": false,
            "pending": false,
            "context": "[\n  {\n    \"title\": \"sent object\",\n    \"value\": \"{\\\"pushId\\\":\\\"bk3RNwTe3H0:CI2k_HHwgIpoDKCIZvvDMExUdFQ3P1bk3RNwTe3H0:CI2kbk3RNwTe3H0:CI2k_HHwgIpoDKCIZvvDMExUdFQ3P1bk3RNwTe3H0:CI2k\\\"}\"\n  },\n  {\n    \"title\": \"response object\",\n    \"value\": \"{\\\"message\\\":\\\"success\\\"}\"\n  }\n]",
            "code": "var context=this\n          server\n          .post('/api/user/push')\n          .set(\"ticket\", ticket)\n          .send({pushId})\n          .end(function (err, res) {\n           if (res.body){ \n             expect(res.status).to.equal(200);\n            done();\n    \n              addContext(context, {\n                title: 'sent object',\n                value: JSON.stringify({pushId})\n            });\n    \n            addContext(context, {\n                title: 'response object',\n                value: JSON.stringify(res.body)\n            });\n            }\n          });",
            "err": {},
            "isRoot": false,
            "uuid": "c84c3c68-84c4-4595-acda-8b6a38d3c5ba",
            "isHook": false,
            "skipped": false
          },
          {
            "title": "estimate journey by Src & Dest.",
            "fullTitle": "Testing Journey API estimate journey by Src & Dest.",
            "timedOut": false,
            "duration": 789,
            "state": "passed",
            "speed": "slow",
            "pass": true,
            "fail": false,
            "pending": false,
            "context": "[\n  {\n    \"title\": \"sent object\",\n    \"value\": \"{\\\"pickCoords\\\":{\\\"lat\\\":\\\"30.03797\\\",\\\"lng\\\":\\\"31.34042\\\"},\\\"destCoords\\\":{\\\"lat\\\":\\\"30.04265\\\",\\\"lng\\\":\\\"31.34498\\\"}}\"\n  },\n  {\n    \"title\": \"response object\",\n    \"value\": \"{\\\"est\\\":{\\\"distance\\\":2,\\\"duration\\\":7,\\\"cost\\\":25}}\"\n  }\n]",
            "code": "var context=this\nserver\n.post('/api/journey/est')\n.set('ticket',ticket)\n.send(coords)\n.end(function (err, res) {\n    if (res.body){ \n    \n    expect(res.status).to.equal(200);\n    done();\n    addContext(context, {\n        title: 'sent object',\n        value: JSON.stringify(coords)\n    });\n    addContext(context, {\n        title: 'response object',\n        value: JSON.stringify(res.body)\n    });\n    }\n});",
            "err": {},
            "isRoot": false,
            "uuid": "33fd7ec7-8c1c-4544-92f1-78e40ed4f4ba",
            "isHook": false,
            "skipped": false
          },
          {
            "title": "estimate journey by Dest. only",
            "fullTitle": "Testing Journey API estimate journey by Dest. only",
            "timedOut": false,
            "duration": 0,
            "pass": false,
            "fail": false,
            "pending": true,
            "code": "",
            "err": {},
            "isRoot": false,
            "uuid": "1fa30060-a15a-4980-974b-4b184777ff07",
            "isHook": false,
            "skipped": false
          },
          {
            "title": "create journey",
            "fullTitle": "Testing Journey API create journey",
            "timedOut": false,
            "duration": 342,
            "state": "passed",
            "speed": "slow",
            "pass": true,
            "fail": false,
            "pending": false,
            "context": "[\n  {\n    \"title\": \"sent object\",\n    \"value\": \"{\\\"pickCoords\\\":{\\\"lat\\\":\\\"30.03797\\\",\\\"lng\\\":\\\"31.34042\\\"},\\\"destCoords\\\":{\\\"lat\\\":\\\"30.04265\\\",\\\"lng\\\":\\\"31.34498\\\"}}\"\n  },\n  {\n    \"title\": \"response object\",\n    \"value\": \"{}\"\n  }\n]",
            "code": "var context=this\nserver\n.post('/api/journey')\n.set('ticket',ticket)\n.send(coords)\n.end(function (err, res) {\n    if (res.body){ \n  // console.log(res.body,\"responseee\");\n   expect(res.status).to.equal(200);\n    done();\n    addContext(context, {\n        title: 'sent object',\n        value: JSON.stringify(coords)\n    });\n    addContext(context, {\n        title: 'response object',\n        value: JSON.stringify(res.body)\n    });\n    }\n});",
            "err": {},
            "isRoot": false,
            "uuid": "6e5c404a-b5dd-455a-ab14-79f6a71fd3f8",
            "isHook": false,
            "skipped": false
          },
          {
            "title": "cancel journey by Rider",
            "fullTitle": "Testing Journey API cancel journey by Rider",
            "timedOut": false,
            "duration": 60,
            "state": "passed",
            "speed": "medium",
            "pass": true,
            "fail": false,
            "pending": false,
            "context": "{\n  \"title\": \"response object\",\n  \"value\": \"{\\\"journey\\\":{\\\"_id\\\":\\\"5c3f5c0e68153c42d42db655\\\",\\\"canBeCanceled\\\":false,\\\"channel\\\":\\\"fbb18d11-19ab-11e9-b9f1-2bae098b0086\\\",\\\"riderCode\\\":\\\"fbb18d10-19ab-11e9-b9f1-2bae098b0086\\\",\\\"destLoc\\\":[31.34498,30.04265],\\\"pickLoc\\\":[31.34042,30.03797],\\\"rider\\\":{\\\"_id\\\":\\\"5c3f5c0d68153c42d42db649\\\",\\\"mobileNumber\\\":\\\"01178840341\\\",\\\"nationality\\\":\\\"Egyptian\\\",\\\"email\\\":\\\"hxrhgpdvwlsxvtcdempa@gmail.com\\\",\\\"fullname\\\":\\\"OhIzWn AvKpIu\\\",\\\"__v\\\":0,\\\"pushId\\\":\\\"bk3RNwTe3H0:CI2k_HHwgIpoDKCIZvvDMExUdFQ3P1bk3RNwTe3H0:CI2kbk3RNwTe3H0:CI2k_HHwgIpoDKCIZvvDMExUdFQ3P1bk3RNwTe3H0:CI2k\\\",\\\"createdAt\\\":\\\"2019-01-16T16:30:05.121Z\\\",\\\"updatedAt\\\":\\\"2019-01-16T16:30:06.436Z\\\",\\\"onOffAt\\\":\\\"2019-01-16T16:30:05.121Z\\\",\\\"deleted\\\":false,\\\"offline\\\":false,\\\"inJourney\\\":false,\\\"canMakeJourney\\\":true,\\\"state\\\":\\\"free\\\",\\\"isEgyptian\\\":true,\\\"passwordResetsCount\\\":0,\\\"active\\\":false,\\\"otherEmails\\\":[],\\\"emailVerified\\\":false,\\\"role\\\":\\\"rider\\\"},\\\"state\\\":\\\"canceled\\\",\\\"mine\\\":true,\\\"skipped\\\":false,\\\"contactedDrivers\\\":[],\\\"selectedDrivers\\\":[],\\\"updatedAt\\\":\\\"2019-01-16T16:30:06.437Z\\\",\\\"createdAt\\\":\\\"2019-01-16T16:30:06.433Z\\\",\\\"canceledAt\\\":\\\"2019-01-16T16:30:06.488Z\\\",\\\"started\\\":false,\\\"canceled\\\":true,\\\"acceptedAt\\\":\\\"2019-01-16T16:30:06.431Z\\\",\\\"running\\\":false,\\\"accepted\\\":false,\\\"endedAt\\\":\\\"2019-01-16T16:30:06.431Z\\\",\\\"ended\\\":false,\\\"startedAt\\\":\\\"2019-01-16T16:30:06.431Z\\\",\\\"cost\\\":10,\\\"duration\\\":0.1,\\\"distance\\\":0.1,\\\"riderToDest\\\":{\\\"estDistance\\\":\\\"1.7 km\\\",\\\"estDuration\\\":\\\"6 mins\\\",\\\"estDistanceValue\\\":2,\\\"estDurationValue\\\":7}}}\"\n}",
            "code": "var context=this\nserver\n.post('/api/journey/cancel ')\n.set('ticket',ticket)\n.end(function (err, res) {\n    if (res.body){ \n    expect(res.status).to.equal(200);\n    expect(res.body.journey.canBeCanceled).equal(false)\n    done();\n    addContext(context, {\n        title: 'response object',\n        value: JSON.stringify(res.body)\n    });\n    }\n});",
            "err": {},
            "isRoot": false,
            "uuid": "34160625-48ad-42b1-902e-5c977cc4b06c",
            "isHook": false,
            "skipped": false
          }
        ],
        "suites": [],
        "passes": [
          "76d96ddc-56f6-493a-9c7d-e4f3f95b00f7",
          "c84c3c68-84c4-4595-acda-8b6a38d3c5ba",
          "33fd7ec7-8c1c-4544-92f1-78e40ed4f4ba",
          "6e5c404a-b5dd-455a-ab14-79f6a71fd3f8",
          "34160625-48ad-42b1-902e-5c977cc4b06c"
        ],
        "failures": [],
        "pending": [
          "1fa30060-a15a-4980-974b-4b184777ff07"
        ],
        "skipped": [],
        "duration": null,
        "root": false,
        "rootEmpty": false,
        "_timeout": 10000
      },
      {
        "uuid": "10c8d068-bb8e-4101-98b0-e2e654a21e95",
        "title": "Testing Journey2 API",
        "fullFile": "/home/brightmoon/git/eserve_cab_anon/test/bdd/journey2.js",
        "file": "/test/bdd/journey2.js",
        "beforeHooks": [],
        "afterHooks": [],
        "tests": [
          {
            "title": "Log Location for Rider",
            "fullTitle": "Testing Journey2 API Log Location for Rider",
            "timedOut": false,
            "duration": 10,
            "state": "passed",
            "speed": "fast",
            "pass": true,
            "fail": false,
            "pending": false,
            "context": "[\n  {\n    \"title\": \"sent object\",\n    \"value\": \"[{\\\"provider\\\":\\\"fused\\\",\\\"time\\\":1528819065498,\\\"latitude\\\":\\\"30.03629\\\",\\\"longitude\\\":\\\"31.33951\\\",\\\"accuracy\\\":16,\\\"altitude\\\":46,\\\"locationProvider\\\":1}]\"\n  },\n  {\n    \"title\": \"response object\",\n    \"value\": \"{}\"\n  }\n]",
            "code": "ticket=global.test.rider.ticket\nvar context=this\nlocation=helper.generateBgLocation()\nserver\n.post('/api/location')\n.set('ticket', ticket)\n.send(location)\n.end(function (err, res) {\n    if (res.body) {\n       // console.log(res.body,\"PPPPPPPPPPPPPPPPPPPPPPP\");    \n    expect(res.status).to.equal(200);\n    done();\n    addContext(context, {\n        title: 'sent object',\n        value: JSON.stringify(location)\n    });\n    \n    addContext(context, {\n        title: 'response object',\n        value: JSON.stringify(res.body)\n    });\n}\n});",
            "err": {},
            "isRoot": false,
            "uuid": "2eaa5814-4a6a-49c2-9c63-3176632fb522",
            "isHook": false,
            "skipped": false
          },
          {
            "title": "Update push ID for Rider",
            "fullTitle": "Testing Journey2 API Update push ID for Rider",
            "timedOut": false,
            "duration": 4,
            "state": "passed",
            "speed": "fast",
            "pass": true,
            "fail": false,
            "pending": false,
            "context": "[\n  {\n    \"title\": \"sent object\",\n    \"value\": \"{\\\"pushId\\\":\\\"bk3RNwTe3H0:CI2k_HHwgIpoDKCIZvvDMExUdFQ3P1bk3RNwTe3H0:CI2kbk3RNwTe3H0:CI2k_HHwgIpoDKCIZvvDMExUdFQ3P1bk3RNwTe3H0:CI2k\\\"}\"\n  },\n  {\n    \"title\": \"response object\",\n    \"value\": \"{\\\"message\\\":\\\"success\\\"}\"\n  }\n]",
            "code": "var context=this\n          server\n          .post('/api/user/push')\n          .set(\"ticket\",ticket)\n          .send({pushId})\n          .end(function (err, res) {\n           if (res.body){ \n             //console.log(res.body,\"RESPONSE////////////////////////////\");\n             expect(res.status).to.equal(200);\n            done();\n    \n              addContext(context, {\n                title: 'sent object',\n                value: JSON.stringify({pushId})\n            });\n    \n            addContext(context, {\n                title: 'response object',\n                value: JSON.stringify(res.body)\n            });\n            }\n          });",
            "err": {},
            "isRoot": false,
            "uuid": "de6c7240-38ec-4557-b5b9-89147e7a566a",
            "isHook": false,
            "skipped": false
          },
          {
            "title": "new Car",
            "fullTitle": "Testing Journey2 API new Car",
            "timedOut": false,
            "duration": 4,
            "state": "passed",
            "speed": "fast",
            "pass": true,
            "fail": false,
            "pending": false,
            "context": "[\n  {\n    \"title\": \"sent object\",\n    \"value\": \"{\\\"uniqueId\\\":\\\"848533\\\",\\\"desc\\\":\\\"ymgowrkqhojmxfmemvvsxzbdugrmee\\\"}\"\n  },\n  {\n    \"title\": \"response object\",\n    \"value\": \"{\\\"carId\\\":\\\"5c3f5c0e68153c42d42db657\\\"}\"\n  }\n]",
            "code": "var context=this\nvar car={\n    uniqueId:helper.generate('numeric',6),\n    desc:helper.generate(\"lalpha\",30)\n}\n      \nserver\n  .post('/api/add/car')\n  .set('ticket', global.test.supervisor.ticket)//supervisor\n  .send(car)\n  .end(function (err, res) {\n  if (res.body) {\n      carObj=res.body     \n      carID=res.body.carId   \n      expect(res.status).to.equal(200)\n    done();\n  \n      addContext(context, {\n        title: 'sent object',\n        value: JSON.stringify(car)\n    });\n  \n    addContext(context, {\n        title: 'response object',\n        value: JSON.stringify(res.body)\n    });\n    }\n  });",
            "err": {},
            "isRoot": false,
            "uuid": "9cd929a2-72af-4667-be6d-82977837f871",
            "isHook": false,
            "skipped": false
          },
          {
            "title": "Connect driver to a car",
            "fullTitle": "Testing Journey2 API Connect driver to a car",
            "timedOut": false,
            "duration": 5,
            "state": "passed",
            "speed": "fast",
            "pass": true,
            "fail": false,
            "pending": false,
            "context": "[\n  {\n    \"title\": \"sent object\",\n    \"value\": \"{\\\"carId\\\":\\\"5c3f5c0e68153c42d42db657\\\"}\"\n  },\n  {\n    \"title\": \"response object\",\n    \"value\": \"{\\\"car\\\":{\\\"driver\\\":\\\"5c3f5c0b68153c42d42db645\\\",\\\"_id\\\":\\\"5c3f5c0e68153c42d42db657\\\",\\\"desc\\\":\\\"ymgowrkqhojmxfmemvvsxzbdugrmee\\\",\\\"uniqueId\\\":\\\"848533\\\",\\\"__v\\\":0,\\\"deleted\\\":false,\\\"updatedAt\\\":\\\"2019-01-16T16:30:06.509Z\\\",\\\"createdAt\\\":\\\"2019-01-16T16:30:06.508Z\\\"}}\"\n  }\n]",
            "code": "var context=this\n\nserver\n    .post('/api/car/driver')\n    .set('ticket', global.test.driver.ticket)\n    .send(carObj)\n    .end(function (err, res) {\n    if (res.body){\n       // console.log(res.body); \n       expect(res.status).to.equal(200)\n    done();\n        addContext(context, {\n        title: 'sent object',\n        value: JSON.stringify(carObj)\n    });\n    addContext(context, {\n        title: 'response object',\n        value: JSON.stringify(res.body)\n       });\n     }\n  });",
            "err": {},
            "isRoot": false,
            "uuid": "43b62016-6d92-4525-9333-e0e254846f6c",
            "isHook": false,
            "skipped": false
          },
          {
            "title": "create journey",
            "fullTitle": "Testing Journey2 API create journey",
            "timedOut": false,
            "duration": 467,
            "state": "passed",
            "speed": "slow",
            "pass": true,
            "fail": false,
            "pending": false,
            "context": "[\n  {\n    \"title\": \"sent object\",\n    \"value\": \"{\\\"pickCoords\\\":{\\\"lat\\\":\\\"30.03513\\\",\\\"lng\\\":\\\"31.34144\\\"},\\\"destCoords\\\":{\\\"lat\\\":\\\"30.03608\\\",\\\"lng\\\":\\\"31.34163\\\"}}\"\n  },\n  {\n    \"title\": \"response object\",\n    \"value\": \"{}\"\n  }\n]",
            "code": "var context=this\nserver\n.post('/api/journey')\n.set('ticket',ticket)\n.send(coords)\n.end(function (err, res) {\n    if (res.body){ \n    expect(res.status).to.equal(200);\n    done();\n    addContext(context, {\n        title: 'sent object',\n        value: JSON.stringify(coords)\n    });\n    addContext(context, {\n        title: 'response object',\n        value: JSON.stringify(res.body)\n    });\n    }\n});",
            "err": {},
            "isRoot": false,
            "uuid": "cd751717-ef55-4919-bff1-40c07ed5c43f",
            "isHook": false,
            "skipped": false
          },
          {
            "title": "get lastest journey",
            "fullTitle": "Testing Journey2 API get lastest journey",
            "timedOut": false,
            "duration": 31,
            "state": "passed",
            "speed": "fast",
            "pass": true,
            "fail": false,
            "pending": false,
            "context": "{\n  \"title\": \"response object\",\n  \"value\": \"{\\\"journey\\\":{\\\"_id\\\":\\\"5c3f5c0e68153c42d42db658\\\",\\\"canBeCanceled\\\":true,\\\"channel\\\":\\\"fc057971-19ab-11e9-b9f1-2bae098b0086\\\",\\\"riderCode\\\":\\\"fc057970-19ab-11e9-b9f1-2bae098b0086\\\",\\\"destLoc\\\":[31.34163,30.03608],\\\"pickLoc\\\":[31.34144,30.03513],\\\"rider\\\":{\\\"_id\\\":\\\"5c3f5c0d68153c42d42db649\\\",\\\"mobileNumber\\\":\\\"01178840341\\\",\\\"nationality\\\":\\\"Egyptian\\\",\\\"email\\\":\\\"hxrhgpdvwlsxvtcdempa@gmail.com\\\",\\\"fullname\\\":\\\"OhIzWn AvKpIu\\\",\\\"__v\\\":0,\\\"pushId\\\":\\\"bk3RNwTe3H0:CI2k_HHwgIpoDKCIZvvDMExUdFQ3P1bk3RNwTe3H0:CI2kbk3RNwTe3H0:CI2k_HHwgIpoDKCIZvvDMExUdFQ3P1bk3RNwTe3H0:CI2k\\\",\\\"createdAt\\\":\\\"2019-01-16T16:30:05.121Z\\\",\\\"updatedAt\\\":\\\"2019-01-16T16:30:06.984Z\\\",\\\"onOffAt\\\":\\\"2019-01-16T16:30:05.121Z\\\",\\\"deleted\\\":false,\\\"offline\\\":false,\\\"inJourney\\\":false,\\\"canMakeJourney\\\":false,\\\"state\\\":\\\"searchingDriver\\\",\\\"isEgyptian\\\":true,\\\"passwordResetsCount\\\":0,\\\"active\\\":false,\\\"otherEmails\\\":[],\\\"emailVerified\\\":false,\\\"role\\\":\\\"rider\\\"},\\\"state\\\":\\\"new\\\",\\\"mine\\\":true,\\\"skipped\\\":false,\\\"contactedDrivers\\\":[],\\\"selectedDrivers\\\":[],\\\"updatedAt\\\":\\\"2019-01-16T16:30:06.984Z\\\",\\\"createdAt\\\":\\\"2019-01-16T16:30:06.983Z\\\",\\\"canceledAt\\\":\\\"2019-01-16T16:30:06.982Z\\\",\\\"started\\\":false,\\\"canceled\\\":false,\\\"acceptedAt\\\":\\\"2019-01-16T16:30:06.982Z\\\",\\\"running\\\":true,\\\"accepted\\\":false,\\\"endedAt\\\":\\\"2019-01-16T16:30:06.982Z\\\",\\\"ended\\\":false,\\\"startedAt\\\":\\\"2019-01-16T16:30:06.982Z\\\",\\\"cost\\\":10,\\\"duration\\\":0.1,\\\"distance\\\":0.1,\\\"riderToDest\\\":{\\\"estDistance\\\":\\\"0.2 km\\\",\\\"estDuration\\\":\\\"1 min\\\",\\\"estDistanceValue\\\":1,\\\"estDurationValue\\\":2}}}\"\n}",
            "code": "var context=this\nserver\n.get('/api/journey/latest')\n.set('ticket',ticket)\n.end(function (err, res) {\n    if (res.body){ //console.log(\"RESPONSE with JOURNEY>\",res.body);\n    journeyId=res.body.journey._id     \n    expect(res.status).to.equal(200);\n    done();\n    addContext(context, {\n        title: 'response object',\n        value: JSON.stringify(res.body)\n    });\n    }\n});",
            "err": {},
            "isRoot": false,
            "uuid": "e7d9e98f-273a-4e00-812d-e4d784246e16",
            "isHook": false,
            "skipped": false
          },
          {
            "title": "Log Location for Driver",
            "fullTitle": "Testing Journey2 API Log Location for Driver",
            "timedOut": false,
            "duration": 6,
            "state": "passed",
            "speed": "fast",
            "pass": true,
            "fail": false,
            "pending": false,
            "context": "[\n  {\n    \"title\": \"sent object\",\n    \"value\": \"[{\\\"provider\\\":\\\"fused\\\",\\\"time\\\":1528819065498,\\\"latitude\\\":\\\"30.03664\\\",\\\"longitude\\\":\\\"31.34387\\\",\\\"accuracy\\\":16,\\\"altitude\\\":46,\\\"locationProvider\\\":1}]\"\n  },\n  {\n    \"title\": \"response object\",\n    \"value\": \"{}\"\n  }\n]",
            "code": "var context=this\nlocation=helper.generateBgLocation()\nserver\n.post('/api/location')\n.set('ticket',  global.test.driver.ticket)\n.send(location)\n.end(function (err, res) {\n    if (res.body) {\n    // console.log(res.body,\"PPPPPPPPPPPPPPPPPPPPPPP\");    \n    expect(res.status).to.equal(200);\n    done();\n    addContext(context, {\n        title: 'sent object',\n        value: JSON.stringify(location)\n    });\n    addContext(context, {\n        title: 'response object',\n        value: JSON.stringify(res.body)\n    });\n}\n});",
            "err": {},
            "isRoot": false,
            "uuid": "b5a51bc7-f014-40f7-acb5-4d682991cfd8",
            "isHook": false,
            "skipped": false
          },
          {
            "title": "Update push ID for Driver",
            "fullTitle": "Testing Journey2 API Update push ID for Driver",
            "timedOut": false,
            "duration": 4,
            "state": "passed",
            "speed": "fast",
            "pass": true,
            "fail": false,
            "pending": false,
            "context": "[\n  {\n    \"title\": \"sent object\",\n    \"value\": \"{\\\"pushId\\\":\\\"bk3RNwTe3H0:CI2k_HHwgIpoDKCIZvvDMExUdFQ3P1bk3RNwTe3H0:CI2kbk3RNwTe3H0:CI2k_HHwgIpoDKCIZvvDMExUdFQ3P1bk3RNwTe3H0:CI2k\\\"}\"\n  },\n  {\n    \"title\": \"response object\",\n    \"value\": \"{\\\"message\\\":\\\"success\\\"}\"\n  }\n]",
            "code": "var context=this\n        server\n        .post('/api/user/push')\n        .set(\"ticket\", global.test.driver.ticket)\n        .send({pushId})\n        .end(function (err, res) {\n        if (res.body){ \n        //console.log(res.body,\"RESPONSE////////////////////////////\");\n        \n        expect(res.status).to.equal(200);\n        done();\n            addContext(context, {\n            title: 'sent object',\n            value: JSON.stringify({pushId})\n        });\n        addContext(context, {\n            title: 'response object',\n            value: JSON.stringify(res.body)\n            });\n          }\n        });",
            "err": {},
            "isRoot": false,
            "uuid": "904dde1d-0e91-4904-9f1a-bee5ad7cb05f",
            "isHook": false,
            "skipped": false
          },
          {
            "title": "accept journey by Driver",
            "fullTitle": "Testing Journey2 API accept journey by Driver",
            "timedOut": false,
            "duration": 548,
            "state": "passed",
            "speed": "slow",
            "pass": true,
            "fail": false,
            "pending": false,
            "context": "[\n  {\n    \"title\": \"sent object\",\n    \"value\": \"{\\\"journeyId\\\":\\\"5c3f5c0e68153c42d42db658\\\"}\"\n  },\n  {\n    \"title\": \"response object\",\n    \"value\": \"{\\\"journey\\\":{\\\"car\\\":\\\"5c3f5c0d68153c42d42db652\\\",\\\"driver\\\":\\\"5c3f5c0b68153c42d42db645\\\",\\\"_id\\\":\\\"5c3f5c0e68153c42d42db658\\\",\\\"canBeCanceled\\\":true,\\\"channel\\\":\\\"fc057971-19ab-11e9-b9f1-2bae098b0086\\\",\\\"riderCode\\\":\\\"fc057970-19ab-11e9-b9f1-2bae098b0086\\\",\\\"destLoc\\\":[31.34163,30.03608],\\\"pickLoc\\\":[31.34144,30.03513],\\\"rider\\\":{\\\"_id\\\":\\\"5c3f5c0d68153c42d42db649\\\",\\\"mobileNumber\\\":\\\"01178840341\\\",\\\"nationality\\\":\\\"Egyptian\\\",\\\"email\\\":\\\"hxrhgpdvwlsxvtcdempa@gmail.com\\\",\\\"fullname\\\":\\\"OhIzWn AvKpIu\\\",\\\"__v\\\":0,\\\"pushId\\\":\\\"bk3RNwTe3H0:CI2k_HHwgIpoDKCIZvvDMExUdFQ3P1bk3RNwTe3H0:CI2kbk3RNwTe3H0:CI2k_HHwgIpoDKCIZvvDMExUdFQ3P1bk3RNwTe3H0:CI2k\\\",\\\"createdAt\\\":\\\"2019-01-16T16:30:05.121Z\\\",\\\"updatedAt\\\":\\\"2019-01-16T16:30:06.984Z\\\",\\\"onOffAt\\\":\\\"2019-01-16T16:30:05.121Z\\\",\\\"deleted\\\":false,\\\"offline\\\":false,\\\"inJourney\\\":false,\\\"canMakeJourney\\\":false,\\\"state\\\":\\\"waiting\\\",\\\"isEgyptian\\\":true,\\\"passwordResetsCount\\\":0,\\\"active\\\":false,\\\"otherEmails\\\":[],\\\"emailVerified\\\":false,\\\"role\\\":\\\"rider\\\"},\\\"state\\\":\\\"driverFound\\\",\\\"mine\\\":true,\\\"skipped\\\":false,\\\"contactedDrivers\\\":[],\\\"selectedDrivers\\\":[\\\"5c3f5544f374e437e04f639c\\\",\\\"5c3f55b62fab1c38a5e24b3b\\\",\\\"5c3f54d04ff494377aba59db\\\",\\\"5c3f53eb029b6e35ad6bcfc0\\\",\\\"5c3f5628684e6438f0b998f4\\\",\\\"5c3f1010b2564e1df015ce85\\\",\\\"5c3f54778a64a53719ba860d\\\",\\\"5c3f540c4f031d367b861234\\\"],\\\"updatedAt\\\":\\\"2019-01-16T16:30:07.009Z\\\",\\\"createdAt\\\":\\\"2019-01-16T16:30:06.983Z\\\",\\\"canceledAt\\\":\\\"2019-01-16T16:30:06.982Z\\\",\\\"started\\\":false,\\\"canceled\\\":false,\\\"acceptedAt\\\":\\\"2019-01-16T16:30:07.570Z\\\",\\\"running\\\":true,\\\"accepted\\\":true,\\\"endedAt\\\":\\\"2019-01-16T16:30:06.982Z\\\",\\\"ended\\\":false,\\\"startedAt\\\":\\\"2019-01-16T16:30:06.982Z\\\",\\\"cost\\\":10,\\\"duration\\\":0.1,\\\"distance\\\":0.1,\\\"driverToRider\\\":{\\\"estDistance\\\":\\\"0.4 km\\\",\\\"estDuration\\\":\\\"3 mins\\\",\\\"estDistanceValue\\\":357,\\\"estDurationValue\\\":159},\\\"riderToDest\\\":{\\\"estDistance\\\":\\\"0.2 km\\\",\\\"estDuration\\\":\\\"1 min\\\",\\\"estDistanceValue\\\":1,\\\"estDurationValue\\\":2}}}\"\n  }\n]",
            "code": "var context=this\n console.log(journeyId,\"ID&&&&&&&&&&&&&&&&&&&&&&&&&&&&&\");\n// console.log(global.test.driver.ticket,\"ID&&&&&&&&&&&&&&&&&&&&&&&&&&&&&\");\n       \nserver\n.post('/api/journey/accept')\n.send({\"journeyId\":journeyId})\n.set(\"ticket\", global.test.driver.ticket)\n.end(function (err, res) {\nif (res.body){ \n//console.log(res.body,\"RESPONSE////////////////////////////jour2\");\nexpect(res.status).to.equal(200);\nexpect(res.body.journey.canceled).to.equal(false)\nexpect(res.body.journey.rider.state).to.equal(\"waiting\")\nexpect(res.body.journey.accepted).to.equal(true)\ndone();\n    addContext(context, {\n    title: 'sent object',\n    value: JSON.stringify({journeyId})\n});\naddContext(context, {\n    title: 'response object',\n    value: JSON.stringify(res.body)\n });\n}\n      });",
            "err": {},
            "isRoot": false,
            "uuid": "3ad8feb6-faad-4e35-974b-9a8292cc5324",
            "isHook": false,
            "skipped": false
          },
          {
            "title": "cancel journey by Rider",
            "fullTitle": "Testing Journey2 API cancel journey by Rider",
            "timedOut": false,
            "duration": 12,
            "state": "passed",
            "speed": "fast",
            "pass": true,
            "fail": false,
            "pending": false,
            "context": "{\n  \"title\": \"response object\",\n  \"value\": \"{\\\"journey\\\":{\\\"_id\\\":\\\"5c3f5c0e68153c42d42db658\\\",\\\"canBeCanceled\\\":false,\\\"channel\\\":\\\"fc057971-19ab-11e9-b9f1-2bae098b0086\\\",\\\"riderCode\\\":\\\"fc057970-19ab-11e9-b9f1-2bae098b0086\\\",\\\"destLoc\\\":[31.34163,30.03608],\\\"pickLoc\\\":[31.34144,30.03513],\\\"rider\\\":{\\\"_id\\\":\\\"5c3f5c0d68153c42d42db649\\\",\\\"mobileNumber\\\":\\\"01178840341\\\",\\\"nationality\\\":\\\"Egyptian\\\",\\\"email\\\":\\\"hxrhgpdvwlsxvtcdempa@gmail.com\\\",\\\"fullname\\\":\\\"OhIzWn AvKpIu\\\",\\\"__v\\\":0,\\\"pushId\\\":\\\"bk3RNwTe3H0:CI2k_HHwgIpoDKCIZvvDMExUdFQ3P1bk3RNwTe3H0:CI2kbk3RNwTe3H0:CI2k_HHwgIpoDKCIZvvDMExUdFQ3P1bk3RNwTe3H0:CI2k\\\",\\\"createdAt\\\":\\\"2019-01-16T16:30:05.121Z\\\",\\\"updatedAt\\\":\\\"2019-01-16T16:30:07.573Z\\\",\\\"onOffAt\\\":\\\"2019-01-16T16:30:05.121Z\\\",\\\"deleted\\\":false,\\\"offline\\\":false,\\\"inJourney\\\":false,\\\"canMakeJourney\\\":true,\\\"state\\\":\\\"free\\\",\\\"isEgyptian\\\":true,\\\"passwordResetsCount\\\":0,\\\"active\\\":false,\\\"otherEmails\\\":[],\\\"emailVerified\\\":false,\\\"role\\\":\\\"rider\\\"},\\\"car\\\":{\\\"_id\\\":\\\"5c3f5c0d68153c42d42db652\\\",\\\"desc\\\":\\\"yefowjcuugxukrpihclocnjhaehrst\\\",\\\"uniqueId\\\":\\\"420488\\\",\\\"__v\\\":0,\\\"driver\\\":\\\"5c3f5c0b68153c42d42db645\\\",\\\"deleted\\\":false,\\\"updatedAt\\\":\\\"2019-01-16T16:30:05.249Z\\\",\\\"createdAt\\\":\\\"2019-01-16T16:30:05.243Z\\\"},\\\"driver\\\":{\\\"_id\\\":\\\"5c3f5c0b68153c42d42db645\\\",\\\"email\\\":\\\"aywvxevlnhtoqwrkzfad@gmail.com\\\",\\\"fullname\\\":\\\"NfFgBs JoRhJh\\\",\\\"createdBy\\\":\\\"5c3f5c0b68153c42d42db641\\\",\\\"__v\\\":0,\\\"emailVerifiedAt\\\":\\\"2019-01-16T16:30:05.112Z\\\",\\\"image\\\":{\\\"type\\\":\\\"upload\\\",\\\"resource_type\\\":\\\"image\\\",\\\"status\\\":\\\"pending\\\"},\\\"mobileNumber\\\":\\\"01090411929\\\",\\\"offlineByHigherRank\\\":false,\\\"pushId\\\":\\\"bk3RNwTe3H0:CI2k_HHwgIpoDKCIZvvDMExUdFQ3P1bk3RNwTe3H0:CI2kbk3RNwTe3H0:CI2k_HHwgIpoDKCIZvvDMExUdFQ3P1bk3RNwTe3H0:CI2k\\\",\\\"createdAt\\\":\\\"2019-01-16T16:30:03.850Z\\\",\\\"updatedAt\\\":\\\"2019-01-16T16:30:07.574Z\\\",\\\"onOffAt\\\":\\\"2019-01-16T16:30:05.277Z\\\",\\\"deleted\\\":false,\\\"offline\\\":false,\\\"inJourney\\\":false,\\\"canMakeJourney\\\":true,\\\"state\\\":\\\"free\\\",\\\"isEgyptian\\\":false,\\\"passwordResetsCount\\\":0,\\\"active\\\":true,\\\"otherEmails\\\":[],\\\"emailVerified\\\":true,\\\"role\\\":\\\"driver\\\"},\\\"state\\\":\\\"canceled\\\",\\\"mine\\\":true,\\\"skipped\\\":false,\\\"contactedDrivers\\\":[],\\\"selectedDrivers\\\":[\\\"5c3f5544f374e437e04f639c\\\",\\\"5c3f55b62fab1c38a5e24b3b\\\",\\\"5c3f54d04ff494377aba59db\\\",\\\"5c3f53eb029b6e35ad6bcfc0\\\",\\\"5c3f5628684e6438f0b998f4\\\",\\\"5c3f1010b2564e1df015ce85\\\",\\\"5c3f54778a64a53719ba860d\\\",\\\"5c3f540c4f031d367b861234\\\"],\\\"updatedAt\\\":\\\"2019-01-16T16:30:07.574Z\\\",\\\"createdAt\\\":\\\"2019-01-16T16:30:06.983Z\\\",\\\"canceledAt\\\":\\\"2019-01-16T16:30:07.584Z\\\",\\\"started\\\":false,\\\"canceled\\\":true,\\\"acceptedAt\\\":\\\"2019-01-16T16:30:07.570Z\\\",\\\"running\\\":false,\\\"accepted\\\":true,\\\"endedAt\\\":\\\"2019-01-16T16:30:06.982Z\\\",\\\"ended\\\":false,\\\"startedAt\\\":\\\"2019-01-16T16:30:06.982Z\\\",\\\"cost\\\":10,\\\"duration\\\":0.1,\\\"distance\\\":0.1,\\\"driverToRider\\\":{\\\"estDurationValue\\\":159,\\\"estDistanceValue\\\":357,\\\"estDuration\\\":\\\"3 mins\\\",\\\"estDistance\\\":\\\"0.4 km\\\"},\\\"riderToDest\\\":{\\\"estDistance\\\":\\\"0.2 km\\\",\\\"estDuration\\\":\\\"1 min\\\",\\\"estDistanceValue\\\":1,\\\"estDurationValue\\\":2}}}\"\n}",
            "code": "var context=this\nserver\n.post('/api/journey/cancel ')\n.set('ticket',ticket)\n.end(function (err, res) {\n    if (res.body){ \n       // console.log(\"RESPONSE+++++++++++++++++>\",res.body);\n    expect(res.status).to.equal(200);\n    expect(res.body.journey.canceled).to.equal(true)\n    expect(res.body.journey.canceled).to.equal(true)\n    expect(res.body.journey.driver.state).to.equal(\"free\")\n    expect(res.body.journey.rider.inJourney).to.equal(false)\n    done();\n  \n    addContext(context, {\n        title: 'response object',\n        value: JSON.stringify(res.body)\n    });\n    }\n});",
            "err": {},
            "isRoot": false,
            "uuid": "6370f81a-ef74-431c-a73a-b1390366418e",
            "isHook": false,
            "skipped": false
          }
        ],
        "suites": [],
        "passes": [
          "2eaa5814-4a6a-49c2-9c63-3176632fb522",
          "de6c7240-38ec-4557-b5b9-89147e7a566a",
          "9cd929a2-72af-4667-be6d-82977837f871",
          "43b62016-6d92-4525-9333-e0e254846f6c",
          "cd751717-ef55-4919-bff1-40c07ed5c43f",
          "e7d9e98f-273a-4e00-812d-e4d784246e16",
          "b5a51bc7-f014-40f7-acb5-4d682991cfd8",
          "904dde1d-0e91-4904-9f1a-bee5ad7cb05f",
          "3ad8feb6-faad-4e35-974b-9a8292cc5324",
          "6370f81a-ef74-431c-a73a-b1390366418e"
        ],
        "failures": [],
        "pending": [],
        "skipped": [],
        "duration": 1091,
        "root": false,
        "rootEmpty": false,
        "_timeout": 10000
      },
      {
        "uuid": "26b4277c-9990-44b2-bbc9-ac9189bbb3b6",
        "title": "Testing Journey3 API",
        "fullFile": "/home/brightmoon/git/eserve_cab_anon/test/bdd/journey3.js",
        "file": "/test/bdd/journey3.js",
        "beforeHooks": [],
        "afterHooks": [],
        "tests": [
          {
            "title": "Log Location for Rider",
            "fullTitle": "Testing Journey3 API Log Location for Rider",
            "timedOut": false,
            "duration": 10,
            "state": "passed",
            "speed": "fast",
            "pass": true,
            "fail": false,
            "pending": false,
            "context": "[\n  {\n    \"title\": \"sent object\",\n    \"value\": \"[{\\\"provider\\\":\\\"fused\\\",\\\"time\\\":1528819065498,\\\"latitude\\\":\\\"30.03889\\\",\\\"longitude\\\":\\\"31.34060\\\",\\\"accuracy\\\":16,\\\"altitude\\\":46,\\\"locationProvider\\\":1}]\"\n  },\n  {\n    \"title\": \"response object\",\n    \"value\": \"{}\"\n  }\n]",
            "code": "ticket=global.test.rider.ticket\nvar context=this\nlocation=helper.generateBgLocation()\nserver\n.post('/api/location')\n.set('ticket',ticket)\n.send(location)\n.end(function (err, res) {\n    if (res.body) {\n       // console.log(res.body,\"PPPPPPPPPPPPPPPPPPPPPPP\");    \n    expect(res.status).to.equal(200);\n    done();\n    addContext(context, {\n        title: 'sent object',\n        value: JSON.stringify(location)\n    });\n    \n    addContext(context, {\n        title: 'response object',\n        value: JSON.stringify(res.body)\n    });\n}\n});",
            "err": {},
            "isRoot": false,
            "uuid": "6c06e96b-ad1f-47e1-a120-356ad9c270b6",
            "isHook": false,
            "skipped": false
          },
          {
            "title": "Update push ID for Rider",
            "fullTitle": "Testing Journey3 API Update push ID for Rider",
            "timedOut": false,
            "duration": 8,
            "state": "passed",
            "speed": "fast",
            "pass": true,
            "fail": false,
            "pending": false,
            "context": "[\n  {\n    \"title\": \"sent object\",\n    \"value\": \"{\\\"pushId\\\":\\\"bk3RNwTe3H0:CI2k_HHwgIpoDKCIZvvDMExUdFQ3P1bk3RNwTe3H0:CI2kbk3RNwTe3H0:CI2k_HHwgIpoDKCIZvvDMExUdFQ3P1bk3RNwTe3H0:CI2k\\\"}\"\n  },\n  {\n    \"title\": \"response object\",\n    \"value\": \"{\\\"message\\\":\\\"success\\\"}\"\n  }\n]",
            "code": "var context=this\n          server\n          .post('/api/user/push')\n          .set(\"ticket\", ticket)\n          .send({pushId})\n          .end(function (err, res) {\n           if (res.body){ \n             //console.log(res.body,\"RESPONSE////////////////////////////\");\n             expect(res.status).to.equal(200);\n            done();\n    \n              addContext(context, {\n                title: 'sent object',\n                value: JSON.stringify({pushId})\n            });\n    \n            addContext(context, {\n                title: 'response object',\n                value: JSON.stringify(res.body)\n            });\n            }\n          });",
            "err": {},
            "isRoot": false,
            "uuid": "1a974b70-c03d-4c10-b6ea-dba83f384d07",
            "isHook": false,
            "skipped": false
          },
          {
            "title": "new Car",
            "fullTitle": "Testing Journey3 API new Car",
            "timedOut": false,
            "duration": 7,
            "state": "passed",
            "speed": "fast",
            "pass": true,
            "fail": false,
            "pending": false,
            "context": "[\n  {\n    \"title\": \"sent object\",\n    \"value\": \"{\\\"uniqueId\\\":\\\"900402\\\",\\\"desc\\\":\\\"fjbndanfbtzcuzhdhcwryscsaxgumr\\\"}\"\n  },\n  {\n    \"title\": \"response object\",\n    \"value\": \"{\\\"carId\\\":\\\"5c3f5c0f68153c42d42db65c\\\"}\"\n  }\n]",
            "code": "var context=this\nvar car={\n    uniqueId:helper.generate('numeric',6),\n    desc:helper.generate(\"lalpha\",30)\n}\n      \nserver\n  .post('/api/add/car')\n  .set('ticket', global.test.supervisor.ticket)//supervisor\n  .send(car)\n  .end(function (err, res) {\n  if (res.body) {\n      carObj=res.body     \n      carID=res.body.carId   \n      expect(res.status).to.equal(200)\n    done();\n  \n      addContext(context, {\n        title: 'sent object',\n        value: JSON.stringify(car)\n    });\n  \n    addContext(context, {\n        title: 'response object',\n        value: JSON.stringify(res.body)\n    });\n    }\n  });",
            "err": {},
            "isRoot": false,
            "uuid": "a3e0ca41-6f0f-4d78-be01-60cc08661e7f",
            "isHook": false,
            "skipped": false
          },
          {
            "title": "Connect driver to a car",
            "fullTitle": "Testing Journey3 API Connect driver to a car",
            "timedOut": false,
            "duration": 6,
            "state": "passed",
            "speed": "fast",
            "pass": true,
            "fail": false,
            "pending": false,
            "context": "[\n  {\n    \"title\": \"sent object\",\n    \"value\": \"{\\\"carId\\\":\\\"5c3f5c0f68153c42d42db65c\\\"}\"\n  },\n  {\n    \"title\": \"response object\",\n    \"value\": \"{\\\"car\\\":{\\\"driver\\\":\\\"5c3f5c0b68153c42d42db645\\\",\\\"_id\\\":\\\"5c3f5c0f68153c42d42db65c\\\",\\\"desc\\\":\\\"fjbndanfbtzcuzhdhcwryscsaxgumr\\\",\\\"uniqueId\\\":\\\"900402\\\",\\\"__v\\\":0,\\\"deleted\\\":false,\\\"updatedAt\\\":\\\"2019-01-16T16:30:07.612Z\\\",\\\"createdAt\\\":\\\"2019-01-16T16:30:07.611Z\\\"}}\"\n  }\n]",
            "code": "var context=this\n\nserver\n    .post('/api/car/driver')\n    .set('ticket', global.test.driver.ticket)\n    .send(carObj)\n    .end(function (err, res) {\n    if (res.body){\n       expect(res.status).to.equal(200)\n    done();\n        addContext(context, {\n        title: 'sent object',\n        value: JSON.stringify(carObj)\n    });\n    addContext(context, {\n        title: 'response object',\n        value: JSON.stringify(res.body)\n       });\n     }\n  });",
            "err": {},
            "isRoot": false,
            "uuid": "276e7f84-39c8-47a0-bfbe-3a073240a270",
            "isHook": false,
            "skipped": false
          },
          {
            "title": "create journey",
            "fullTitle": "Testing Journey3 API create journey",
            "timedOut": false,
            "duration": 586,
            "state": "passed",
            "speed": "slow",
            "pass": true,
            "fail": false,
            "pending": false,
            "context": "[\n  {\n    \"title\": \"sent object\",\n    \"value\": \"{\\\"pickCoords\\\":{\\\"lat\\\":\\\"30.03810\\\",\\\"lng\\\":\\\"31.33986\\\"},\\\"destCoords\\\":{\\\"lat\\\":\\\"30.03983\\\",\\\"lng\\\":\\\"31.33869\\\"}}\"\n  },\n  {\n    \"title\": \"response object\",\n    \"value\": \"{}\"\n  }\n]",
            "code": "var context=this\nserver\n.post('/api/journey')\n.set('ticket',ticket)\n.send(coords)\n.end(function (err, res) {\n    if (res.body){ \n    expect(res.status).to.equal(200);\n    done();\n    addContext(context, {\n        title: 'sent object',\n        value: JSON.stringify(coords)\n    });\n    addContext(context, {\n        title: 'response object',\n        value: JSON.stringify(res.body)\n    });\n    }\n});",
            "err": {},
            "isRoot": false,
            "uuid": "4e6682cd-ad5d-43b2-bd33-e842fb58f84e",
            "isHook": false,
            "skipped": false
          },
          {
            "title": "get lastest journey",
            "fullTitle": "Testing Journey3 API get lastest journey",
            "timedOut": false,
            "duration": 27,
            "state": "passed",
            "speed": "fast",
            "pass": true,
            "fail": false,
            "pending": false,
            "context": "{\n  \"title\": \"response object\",\n  \"value\": \"{\\\"journey\\\":{\\\"_id\\\":\\\"5c3f5c1068153c42d42db65d\\\",\\\"canBeCanceled\\\":true,\\\"channel\\\":\\\"fcc016e1-19ab-11e9-b9f1-2bae098b0086\\\",\\\"riderCode\\\":\\\"fcc016e0-19ab-11e9-b9f1-2bae098b0086\\\",\\\"destLoc\\\":[31.33869,30.03983],\\\"pickLoc\\\":[31.33986,30.0381],\\\"rider\\\":{\\\"_id\\\":\\\"5c3f5c0d68153c42d42db649\\\",\\\"mobileNumber\\\":\\\"01178840341\\\",\\\"nationality\\\":\\\"Egyptian\\\",\\\"email\\\":\\\"hxrhgpdvwlsxvtcdempa@gmail.com\\\",\\\"fullname\\\":\\\"OhIzWn AvKpIu\\\",\\\"__v\\\":0,\\\"pushId\\\":\\\"bk3RNwTe3H0:CI2k_HHwgIpoDKCIZvvDMExUdFQ3P1bk3RNwTe3H0:CI2kbk3RNwTe3H0:CI2k_HHwgIpoDKCIZvvDMExUdFQ3P1bk3RNwTe3H0:CI2k\\\",\\\"createdAt\\\":\\\"2019-01-16T16:30:05.121Z\\\",\\\"updatedAt\\\":\\\"2019-01-16T16:30:08.207Z\\\",\\\"onOffAt\\\":\\\"2019-01-16T16:30:05.121Z\\\",\\\"deleted\\\":false,\\\"offline\\\":false,\\\"inJourney\\\":false,\\\"canMakeJourney\\\":false,\\\"state\\\":\\\"searchingDriver\\\",\\\"isEgyptian\\\":true,\\\"passwordResetsCount\\\":0,\\\"active\\\":false,\\\"otherEmails\\\":[],\\\"emailVerified\\\":false,\\\"role\\\":\\\"rider\\\"},\\\"state\\\":\\\"new\\\",\\\"mine\\\":true,\\\"skipped\\\":false,\\\"contactedDrivers\\\":[],\\\"selectedDrivers\\\":[],\\\"updatedAt\\\":\\\"2019-01-16T16:30:08.208Z\\\",\\\"createdAt\\\":\\\"2019-01-16T16:30:08.206Z\\\",\\\"canceledAt\\\":\\\"2019-01-16T16:30:08.205Z\\\",\\\"started\\\":false,\\\"canceled\\\":false,\\\"acceptedAt\\\":\\\"2019-01-16T16:30:08.205Z\\\",\\\"running\\\":true,\\\"accepted\\\":false,\\\"endedAt\\\":\\\"2019-01-16T16:30:08.205Z\\\",\\\"ended\\\":false,\\\"startedAt\\\":\\\"2019-01-16T16:30:08.205Z\\\",\\\"cost\\\":10,\\\"duration\\\":0.1,\\\"distance\\\":0.1,\\\"riderToDest\\\":{\\\"estDistance\\\":\\\"0.6 km\\\",\\\"estDuration\\\":\\\"3 mins\\\",\\\"estDistanceValue\\\":1,\\\"estDurationValue\\\":4}}}\"\n}",
            "code": "var context=this\nserver\n.get('/api/journey/latest')\n.set('ticket',ticket)\n.end(function (err, res) {\n    if (res.body){ //console.log(\"RESPONSE with JOURNEY>\",res.body);\n    journeyId=res.body.journey._id     \n    expect(res.status).to.equal(200);\n    done();\n    addContext(context, {\n        title: 'response object',\n        value: JSON.stringify(res.body)\n    });\n    }\n});",
            "err": {},
            "isRoot": false,
            "uuid": "6ee23748-8551-4725-bbeb-c3d0d70e6176",
            "isHook": false,
            "skipped": false
          },
          {
            "title": "Log Location for Driver",
            "fullTitle": "Testing Journey3 API Log Location for Driver",
            "timedOut": false,
            "duration": 10,
            "state": "passed",
            "speed": "fast",
            "pass": true,
            "fail": false,
            "pending": false,
            "context": "[\n  {\n    \"title\": \"sent object\",\n    \"value\": \"[{\\\"provider\\\":\\\"fused\\\",\\\"time\\\":1528819065498,\\\"latitude\\\":\\\"30.03813\\\",\\\"longitude\\\":\\\"31.34393\\\",\\\"accuracy\\\":16,\\\"altitude\\\":46,\\\"locationProvider\\\":1}]\"\n  },\n  {\n    \"title\": \"response object\",\n    \"value\": \"{}\"\n  }\n]",
            "code": "var context=this\nlocation=helper.generateBgLocation()\nserver\n.post('/api/location')\n.set('ticket',  global.test.driver.ticket)\n.send(location)\n.end(function (err, res) {\n    if (res.body) {\n    // console.log(res.body,\"PPPPPPPPPPPPPPPPPPPPPPP\");    \n    expect(res.status).to.equal(200);\n    done();\n    addContext(context, {\n        title: 'sent object',\n        value: JSON.stringify(location)\n    });\n    addContext(context, {\n        title: 'response object',\n        value: JSON.stringify(res.body)\n    });\n}\n});",
            "err": {},
            "isRoot": false,
            "uuid": "e1afb9ce-7ae3-4ff7-b31f-23ee1cb0ad5b",
            "isHook": false,
            "skipped": false
          },
          {
            "title": "Update push ID for Driver",
            "fullTitle": "Testing Journey3 API Update push ID for Driver",
            "timedOut": false,
            "duration": 4,
            "state": "passed",
            "speed": "fast",
            "pass": true,
            "fail": false,
            "pending": false,
            "context": "[\n  {\n    \"title\": \"sent object\",\n    \"value\": \"{\\\"pushId\\\":\\\"bk3RNwTe3H0:CI2k_HHwgIpoDKCIZvvDMExUdFQ3P1bk3RNwTe3H0:CI2kbk3RNwTe3H0:CI2k_HHwgIpoDKCIZvvDMExUdFQ3P1bk3RNwTe3H0:CI2k\\\"}\"\n  },\n  {\n    \"title\": \"response object\",\n    \"value\": \"{\\\"message\\\":\\\"success\\\"}\"\n  }\n]",
[...]
            "duration": 1,
            "state": "passed",
            "speed": "fast",
            "pass": true,
            "fail": false,
            "pending": false,
            "context": "[\n  {\n    \"title\": \"sent object\",\n    \"value\": \"{\\\"code\\\":\\\"80e0fd30-d2cc-11e8-89c4-997021ec948c\\\",\\\"newPassword\\\":\\\"gsebkthpav\\\"}\"\n  },\n  {\n    \"title\": \"response object\",\n    \"value\": \"{\\\"error\\\":[{\\\"msg\\\":\\\"invalid format\\\",\\\"param\\\":\\\"newPassword\\\",\\\"label\\\":\\\"password\\\"}]}\"\n  }\n]",
            "code": "var context=this\n        server\n        .post('/api/user/new-password')\n        .send({\n        code:\"80e0fd30-d2cc-11e8-89c4-997021ec948c\",\n        newPassword:helper.generate('lalpha',10)\n        })\n        .end(function (err, res) {\n        if (res.body) {\n            //console.log(res.body,\"FFFFFFFFFFFFFFFFFFFF\");  \n            expect(res.status).to.equal(400) \n            expect(res.body.error[0].msg).to.equal('invalid format') \n        done();\n            addContext(context, {\n            title: 'sent object',\n            value: JSON.stringify({\n                code:\"80e0fd30-d2cc-11e8-89c4-997021ec948c\",\n                newPassword:helper.generate('lalpha',10)\n            })\n        });\n        addContext(context, {\n            title: 'response object',\n            value: JSON.stringify(res.body)\n         });\n         }\n        });",
            "err": {},
            "isRoot": false,
            "uuid": "17eafa27-f149-45f1-80b9-8c4286e473fc",
            "isHook": false,
            "skipped": false
          },
          {
            "title": "should not complete new Password process code used",
            "fullTitle": "validation for rider APIs should not complete new Password process code used",
            "timedOut": false,
            "duration": 2,
            "state": "passed",
            "speed": "fast",
            "pass": true,
            "fail": false,
            "pending": false,
            "context": "[\n  {\n    \"title\": \"sent object\",\n    \"value\": \"{\\\"code\\\":\\\"80e0fd30-d2cc-11e8-89c4-997021ec948c\\\",\\\"newPassword\\\":\\\"%Ed2%Sh1?W\\\"}\"\n  },\n  {\n    \"title\": \"response object\",\n    \"value\": \"{\\\"error\\\":\\\"not found\\\"}\"\n  }\n]",
            "code": "var context=this\n        server\n        .post('/api/user/new-password')\n        .send({\n        code:\"80e0fd30-d2cc-11e8-89c4-997021ec948c\",\n        newPassword:helper.generate('mix',10)\n        })\n        .end(function (err, res) {\n        if (res.body) {\n           // console.log(res.body,\"FFFFFFFFFFFFFFFFFFFF\");  \n            expect(res.status).to.equal(404) \n            expect(res.body.error).to.equal('not found') \n        done();\n            addContext(context, {\n            title: 'sent object',\n            value: JSON.stringify({\n                code:\"80e0fd30-d2cc-11e8-89c4-997021ec948c\",\n                newPassword:helper.generate('mix',10)\n            })\n        });\n        addContext(context, {\n            title: 'response object',\n            value: JSON.stringify(res.body)\n         });\n         }\n        });",
            "err": {},
            "isRoot": false,
            "uuid": "d42ce066-714e-4c39-b711-1d189aeb3158",
            "isHook": false,
            "skipped": false
          },
          {
            "title": "should not complete forget-Code process invalid email",
            "fullTitle": "validation for rider APIs should not complete forget-Code process invalid email",
            "timedOut": false,
            "duration": 1,
            "state": "passed",
            "speed": "fast",
            "pass": true,
            "fail": false,
            "pending": false,
            "context": "[\n  {\n    \"title\": \"sent object\",\n    \"value\": \"{\\\"email\\\":\\\"GzEhYoRpNhNaNyTbGzRjyahoo.com\\\",\\\"pin\\\":9221}\"\n  },\n  {\n    \"title\": \"response object\",\n    \"value\": \"{\\\"error\\\":[{\\\"msg\\\":\\\"invalid format\\\",\\\"param\\\":\\\"email\\\",\\\"label\\\":\\\"email\\\"},{\\\"msg\\\":\\\"invalid format\\\",\\\"param\\\":\\\"pin\\\",\\\"label\\\":\\\"pin code\\\"}]}\"\n  }\n]",
            "code": "var context=this\nglobal.test.rider.email=helper.generate('all-alpha',20)+\"yahoo.com\"\nlet email= global.test.rider.email\nserver\n.post('/api/user/forget-code')\n.send({\n    email:email,\n    pin:9221\n})\n.end(function (err, res) {\nif (res.body) {\n   // console.log(res.body,\"FFFFFFFFFFFFFFFFFFFF\");  \n    expect(res.status).to.equal(400) \n    expect(res.body.error[0].msg).to.equal('invalid format')   \ndone();\n\n    addContext(context, {\n    title: 'sent object',\n    value: JSON.stringify({\n        email:email,\n        pin:9221\n    })\n});\naddContext(context, {\n    title: 'response object',\n    value: JSON.stringify(res.body)\n  });\n }\n});",
            "err": {},
            "isRoot": false,
            "uuid": "5ff2a64a-edb5-423e-b7ed-4cdf2450fcea",
            "isHook": false,
            "skipped": false
          },
          {
            "title": "should not complete forget-Code process invalid pin",
            "fullTitle": "validation for rider APIs should not complete forget-Code process invalid pin",
            "timedOut": false,
            "duration": 1,
            "state": "passed",
            "speed": "fast",
            "pass": true,
            "fail": false,
            "pending": false,
            "context": "[\n  {\n    \"title\": \"sent object\",\n    \"value\": \"{\\\"email\\\":\\\"oaslpcwakysvpofspbcg@gmail.com\\\",\\\"pin\\\":922}\"\n  },\n  {\n    \"title\": \"response object\",\n    \"value\": \"{\\\"error\\\":[{\\\"msg\\\":\\\"invalid format\\\",\\\"param\\\":\\\"pin\\\",\\\"label\\\":\\\"pin code\\\"}]}\"\n  }\n]",
            "code": "var context=this\n        global.test.rider.email=\"oaslpcwakysvpofspbcg@gmail.com\"\n        let email= global.test.rider.email\n        server\n        .post('/api/user/forget-code')\n        .send({\n            email:email,\n            pin:922\n        })\n        .end(function (err, res) {\n        if (res.body) {\n           // console.log(res.body,\"RESSSSSSSSSSSSSSS::D\"); \n            expect(res.status).to.equal(400) \n            expect(res.body.error[0].msg).to.equal('invalid format')  \n        done();\n            addContext(context, {\n            title: 'sent object',\n            value: JSON.stringify({\n                email:email,\n                pin:922\n            })\n        });\n        addContext(context, {\n            title: 'response object',\n            value: JSON.stringify(res.body)\n          });\n         }\n        });",
            "err": {},
            "isRoot": false,
            "uuid": "883601d5-6ef8-477f-8d76-63397050cd72",
            "isHook": false,
            "skipped": false
          },
          {
            "title": "should return error invalid user ticket getProfile",
            "fullTitle": "validation for rider APIs should return error invalid user ticket getProfile",
            "timedOut": false,
            "duration": 1,
            "state": "passed",
            "speed": "fast",
            "pass": true,
            "fail": false,
            "pending": false,
            "context": "{\n  \"title\": \"response object\",\n  \"value\": \"{\\\"error\\\":\\\"invalid ticket\\\"}\"\n}",
            "code": "var context=this\n    \nserver\n  .get('/api/user')\n  .set('ticket',invalidTicket)\n  .end(function (err, res) {\n    if (res.body) {\n     //console.log(res.body);\n      expect(res.status).to.equal(401)\n      expect(res.body.error).to.equal('invalid ticket')\n    done();\n\n    addContext(context, {\n        title: 'response object',\n        value: JSON.stringify(res.body)\n    });\n  }\n  });",
            "err": {},
            "isRoot": false,
            "uuid": "17254bff-1dd4-49df-9781-6de7ebe0b9c0",
            "isHook": false,
            "skipped": false
          },
          {
            "title": "should return error invalid admin ticket",
            "fullTitle": "validation for rider APIs should return error invalid admin ticket",
            "timedOut": false,
            "duration": 1,
            "state": "passed",
            "speed": "fast",
            "pass": true,
            "fail": false,
            "pending": false,
            "context": "{\n  \"title\": \"response object\",\n  \"value\": \"{\\\"error\\\":\\\"invalid ticket\\\"}\"\n}",
            "code": "var context=this  \n server\n .get('/api/users')\n .set('ticket',invalidTicket)\n .end(function (err, res) { \n  if (res.body) {\n     expect(res.status).to.equal(401)\n     expect(res.body.error).to.equal('invalid ticket')\n   done();\n   addContext(context, {\n       title: 'response object',\n       value: JSON.stringify(res.body)\n   });\n   }\n });",
            "err": {},
            "isRoot": false,
            "uuid": "4ec69fad-9250-4839-8264-96da99ead311",
            "isHook": false,
            "skipped": false
          },
          {
            "title": "should return err invalid ticket (push users)",
            "fullTitle": "validation for rider APIs should return err invalid ticket (push users)",
            "timedOut": false,
            "duration": 2,
            "state": "passed",
            "speed": "fast",
            "pass": true,
            "fail": false,
            "pending": false,
            "context": "[\n  {\n    \"title\": \"sent object\",\n    \"value\": \"{\\\"pushId\\\":\\\"bk3RNwTe3H0:CI2k_HHwgIpoDKCIZvvDMExUdFQ3P1bk3RNwTe3H0:CI2kbk3RNwTe3H0:CI2k_HHwgIpoDKCIZvvDMExUdFQ3P1bk3RNwTe3H0:CI2k\\\"}\"\n  },\n  {\n    \"title\": \"response object\",\n    \"value\": \"{\\\"error\\\":\\\"invalid ticket\\\"}\"\n  }\n]",
            "code": "var context=this\n      server\n      .post('/api/user/push')\n      .set(\"ticket\",global.test.supervisor.ticket)\n      .send({pushId:global.test.pushId})\n      .end(function (err, res) {\n       if (res.body){ \n          // console.log(res.body);\n            expect(res.status).to.equal(401)\n            expect(res.body.error).to.equal('invalid ticket')\n        done();\n          addContext(context, {\n            title: 'sent object',\n            value: JSON.stringify({pushId:global.test.pushId})\n        });\n        addContext(context, {\n            title: 'response object',\n            value: JSON.stringify(res.body)\n        });\n        }\n      });",
            "err": {},
            "isRoot": false,
            "uuid": "f2b0ea75-dbf2-4cf9-8ae2-01d2252d05e7",
            "isHook": false,
            "skipped": false
          },
          {
            "title": "Create new user",
            "fullTitle": "validation for rider APIs Create new user",
            "timedOut": false,
            "duration": 39,
            "state": "passed",
            "speed": "medium",
            "pass": true,
            "fail": false,
            "pending": false,
            "code": "global.test.rider=generate.rider()\nserver\n.post('/api/create/rider')\n.send(global.test.rider)\n.end(function (err, res) {\n    expect(res.status).to.equal(200)\n    done();\n});",
            "err": {},
            "isRoot": false,
            "uuid": "0e94666e-6764-4a79-a73a-f2edc315ceab",
            "isHook": false,
            "skipped": false
          },
          {
            "title": "access user",
            "fullTitle": "validation for rider APIs access user",
            "timedOut": false,
            "duration": 56,
            "state": "passed",
            "speed": "medium",
            "pass": true,
            "fail": false,
            "pending": false,
            "code": "server  \n.post('/api/access/rider')\n.send(global.test.rider)\n.end(function (err, res) {\n  expect(res.status).to.equal(200)\n    global.test.rider.ticket=res.body.ticket\n    done();\n});",
            "err": {},
            "isRoot": false,
            "uuid": "437e4f2d-c816-4e88-a19a-19c5d9ecbbc9",
            "isHook": false,
            "skipped": false
          },
          {
            "title": "should return err invalid number Length not Profil updated",
            "fullTitle": "validation for rider APIs should return err invalid number Length not Profil updated",
            "timedOut": false,
            "duration": 8,
            "state": "passed",
            "speed": "fast",
            "pass": true,
            "fail": false,
            "pending": false,
            "context": "[\n  {\n    \"title\": \"sent object\",\n    \"value\": \"{\\\"email\\\":\\\"pxvfcisoiwqimtmnqyda@gmail.com\\\",\\\"fullname\\\":\\\"CdCqEr BoTbUd\\\",\\\"password\\\":\\\"!Fg8$Om1?Cf3?Ax1&Qk6\\\",\\\"nationality\\\":\\\"Egyptian\\\",\\\"mobileNumber\\\":\\\"0114734556984\\\",\\\"ticket\\\":\\\"eyJhbGciOiJIUzI1NiIsInR5cCI6IkpXVCJ9.eyJ1cm4iOjQ3NDk3MzI3NSwiZXhwIjoxNTc5MTkyMjEyMDAwMDAwLCJpYXQiOjE1NDc2NTYyMTIwMDAwMDAsImRhdGEiOnsiX2lkIjoiNWMzZjVjMTQ2ODE1M2M0MmQ0MmRiNjZhIiwicm9sZSI6InJpZGVyIn19.z1Ga-HZYU5joIl3sn-EJj26sqNmAV4bHDFf-QXJeYnk\\\"}\"\n  },\n  {\n    \"title\": \"response object\",\n    \"value\": \"{\\\"error\\\":[{\\\"msg\\\":\\\"invalid format\\\",\\\"param\\\":\\\"mobileNumber\\\",\\\"label\\\":\\\"mobile number\\\"},{\\\"msg\\\":\\\"invalid length\\\",\\\"param\\\":\\\"mobileNumber\\\",\\\"label\\\":\\\"mobile number\\\"}]}\"\n  }\n]",
            "code": "var context=this\nglobal.test.rider.mobileNumber=\"011\"+helper.generate(\"numeric\",10)\nserver\n    .put('/api/user')\n    .set('ticket',ticket)\n    .send( global.test.rider)\n    .end(function (err, res) { \n    if (res.body) {\n        expect(res.status).to.equal(400)\n        expect(res.body.error[0].msg).to.equal('invalid format')\n    done();\n        addContext(context, {\n        title: 'sent object',\n        value: JSON.stringify( global.test.rider)\n    });\n    addContext(context, {\n        title: 'response object',\n        value: JSON.stringify(res.body)\n      });\n     }\n   });",
            "err": {},
            "isRoot": false,
            "uuid": "7ef56d9e-a39d-4699-8111-f293e9839204",
            "isHook": false,
            "skipped": false
          },
          {
            "title": "should return err existing email not Profil updated",
            "fullTitle": "validation for rider APIs should return err existing email not Profil updated",
            "timedOut": false,
            "duration": 6,
            "state": "passed",
            "speed": "fast",
            "pass": true,
            "fail": false,
            "pending": false,
            "context": "[\n  {\n    \"title\": \"sent object\",\n    \"value\": \"\\\"kevjkgeekncxkegegxum@gmail.com\\\"\"\n  },\n  {\n    \"title\": \"response object\",\n    \"value\": \"{\\\"error\\\":\\\"unable to change. data is the same as the existing\\\"}\"\n  }\n]",
            "code": "console.log(global.test.rider.ticket);\n  var context=this\n  global.test.rider.email=\"kevjkgeekncxkegegxum@gmail.com\"\n  server\n  .put('/api/user')\n  .set('ticket',usertiket)\n  .send({\"email\":global.test.rider.email})\n  .end(function (err, res) {  \n      if (res.body) {\n          //console.log(res.body);\n          expect(res.status).to.equal(422)\n          expect(res.body.error).to.equal(\"unable to change. data is the same as the existing\")\n      done();\n      addContext(context, {\n          title: 'sent object',\n          value: JSON.stringify(global.test.rider.email)\n      });\n      addContext(context, {\n          title: 'response object',\n          value: JSON.stringify(res.body)\n      });\n   }\n  });",
            "err": {},
            "isRoot": false,
            "uuid": "a8e177aa-164b-4d49-9a7e-5b47e57cbefb",
            "isHook": false,
            "skipped": false
          },
          {
            "title": "should return mail not verfied (Profile updated)[verification needed]  ",
            "fullTitle": "validation for rider APIs should return mail not verfied (Profile updated)[verification needed]  ",
            "timedOut": false,
            "duration": 6,
            "state": "passed",
            "speed": "fast",
            "pass": true,
            "fail": false,
            "pending": false,
            "context": "[\n  {\n    \"title\": \"sent object\",\n    \"value\": \"\\\"dzzduqfh@gmail.com\\\"\"\n  },\n  {\n    \"title\": \"response object\",\n    \"value\": \"{\\\"error\\\":\\\"email verification required\\\"}\"\n  }\n]",
            "code": "var context=this\n    global.test.rider.email=helper.generate(\"lalpha\",8)+\"@gmail.com\"\n    let email=global.test.rider.email\n  \n    server\n      .put('/api/user')\n      .set('ticket', ticket)\n      .send({\"email\":email})\n      .end(function (err, res) {\n        if (res.body) {\n            expect(res.status).to.equal(422)\n            expect(res.body.error).to.equal('email verification required')\n        done();\n          addContext(context, {\n            title: 'sent object',\n            value: JSON.stringify(email)\n        });\n        addContext(context, {\n            title: 'response object',\n            value: JSON.stringify(res.body)\n        });\n       }\n      });",
            "err": {},
            "isRoot": false,
            "uuid": "5aca2ecb-f87e-4cf9-81db-05e089783dc2",
            "isHook": false,
            "skipped": false
          }
        ],
        "suites": [],
        "passes": [
          "b9e5df79-2a18-48ba-8327-6208f974d88e",
          "bd4de723-c8cf-4a23-9d96-e103df1f9e27",
          "91f0a798-f072-4f09-bd6c-336eb60ea3cc",
          "95c1afda-5435-47ba-81f2-7dd6be36e2c9",
          "a94ed0ff-61f1-4e8f-ad41-c33bfadbedfa",
          "f5b7a5a8-d3d1-4ec9-9cee-c554180af0e5",
          "7851d209-13fa-4510-bc39-4e24ba6e032e",
          "d1fc9a6f-a54d-4a64-8a86-5c28e3dee8b3",
          "2f857fdd-f805-4c63-a271-77780806e200",
          "101b45ad-5a01-4b96-b415-df7e2fca7d31",
          "be457a29-df16-4fda-bbca-9177f49809fc",
          "512f622b-f576-4966-9526-9dede3a1e0ad",
          "ea2b7db6-eb32-445d-9764-c3dc13eaca7f",
          "ec046e27-90f7-4641-b321-6e63538703bd",
          "7f00c8dd-38f8-4cad-9026-bc8fd6527aa0",
          "ebcef56b-f728-41d2-af7d-9588c0216066",
          "a63a07c9-4e11-4a02-8bd2-75abd67998b6",
          "3bbd2f72-1eec-4553-ac0c-4f604ca7a448",
          "689171ee-55f5-40d7-a3af-0dc16e98acef",
          "9deff1d3-7f5c-447c-8229-1d6299e727f7",
          "7020c5f1-78e5-488f-b655-a0e2f70b0e85",
          "885722cd-1bf8-40e5-9168-8fbb1709c1a8",
          "1e509c6f-7c4d-42a6-9b00-82285f4ec382",
          "a7f9889d-6bac-44b6-923d-4f9367f3c9ee",
          "77d073f7-a9b5-45e1-ad20-1daf80832413",
          "b41e30fd-0dec-4b53-9f0d-437365a4a94b",
          "3f2d1ffb-976c-4055-b851-2ea0b521e426",
          "d19656fa-0b68-4ad0-bbed-f8c14af12a2a",
          "17eafa27-f149-45f1-80b9-8c4286e473fc",
          "d42ce066-714e-4c39-b711-1d189aeb3158",
          "5ff2a64a-edb5-423e-b7ed-4cdf2450fcea",
          "883601d5-6ef8-477f-8d76-63397050cd72",
          "17254bff-1dd4-49df-9781-6de7ebe0b9c0",
          "4ec69fad-9250-4839-8264-96da99ead311",
          "f2b0ea75-dbf2-4cf9-8ae2-01d2252d05e7",
          "0e94666e-6764-4a79-a73a-f2edc315ceab",
          "437e4f2d-c816-4e88-a19a-19c5d9ecbbc9",
          "7ef56d9e-a39d-4699-8111-f293e9839204",
          "a8e177aa-164b-4d49-9a7e-5b47e57cbefb",
          "5aca2ecb-f87e-4cf9-81db-05e089783dc2"
        ],
        "failures": [],
        "pending": [
          "cf4f7b6a-9645-4b04-bf6f-f0f2fb07c9e1",
          "e3ab4edc-07fd-4035-b294-0b9c813ed3db"
        ],
        "skipped": [],
        "duration": null,
        "root": false,
        "rootEmpty": false,
        "_timeout": 10000
      }
    ],
    "passes": [],
    "failures": [],
    "pending": [],
    "skipped": [],
    "duration": 0,
    "root": true,
    "rootEmpty": true,
    "_timeout": 2000
  },
  "copyrightYear": 2019
}